Vehicle::Vehicle() called!
run_vehicle() called!
[Vehicle 30] SIGUSR1 handler installed.
[Vehicle 30] creating sender component
[Vehicle 30] creating receiver component
[Vehicle 30] starting. Lifetime: 50s
[Vehicle 30] sleeping for lifetime: 50s
SenderComponent::run() started for vehicle 30
ReceiverComponent::run() started for vehicle 30
Vehicle::receive() called!
[Vehicle 30] sending message 1: {Vehicle 30 message 1 at 347329387273}
Vehicle::send() called!
[Vehicle 30] message sent
[Vehicle 30] message 1 sent!
[Vehicle 30] message received
[Vehicle 30] message received: Vehicle 20 message 1 at 347329387217
[Vehicle 30] received message from Vehicle 20, msg_id=1, latency=1102μs (1.102ms)
Vehicle::receive() called!
[Vehicle 30] message received
[Vehicle 30] message received: Vehicle 22 message 1 at 347329387221
[Vehicle 30] received message from Vehicle 22, msg_id=1, latency=1376μs (1.376ms)
Vehicle::receive() called!
[Vehicle 30] message received
[Vehicle 30] message received: Vehicle 16 message 1 at 347329387225
[Vehicle 30] received message from Vehicle 16, msg_id=1, latency=1626μs (1.626ms)
Vehicle::receive() called!
[Vehicle 30] message received
[Vehicle 30] message received: Vehicle 14 message 1 at 347329387231
[Vehicle 30] received message from Vehicle 14, msg_id=1, latency=1879μs (1.879ms)
Vehicle::receive() called!
[Vehicle 30] message received
[Vehicle 30] message received: Vehicle 18 message 1 at 347329387295
[Vehicle 30] received message from Vehicle 18, msg_id=1, latency=2059μs (2.059ms)
Vehicle::receive() called!
[Vehicle 30] message received
[Vehicle 30] message received: Vehicle 28 message 1 at 347329389370
[Vehicle 30] received message from Vehicle 28, msg_id=1, latency=232μs (0.232ms)
Vehicle::receive() called!
[Vehicle 30] message received
[Vehicle 30] message received: Vehicle 26 message 2 at 347334383393
[Vehicle 30] received message from Vehicle 26, msg_id=2, latency=131μs (0.131ms)
Vehicle::receive() called!
[Vehicle 30] message received
[Vehicle 30] message received: Vehicle 24 message 2 at 347334384286
[Vehicle 30] received message from Vehicle 24, msg_id=2, latency=47μs (0.047ms)
Vehicle::receive() called!
[Vehicle 30] message received
[Vehicle 30] message received: Vehicle 14 message 2 at 347335387362
[Vehicle 30] received message from Vehicle 14, msg_id=2, latency=156μs (0.156ms)
Vehicle::receive() called!
[Vehicle 30] message received
[Vehicle 30] message received: Vehicle 18 message 2 at 347335387416
[Vehicle 30] received message from Vehicle 18, msg_id=2, latency=495μs (0.495ms)
Vehicle::receive() called!
[Vehicle 30] message received
[Vehicle 30] message received: Vehicle 28 message 2 at 347335389569
[Vehicle 30] received message from Vehicle 28, msg_id=2, latency=170μs (0.17ms)
Vehicle::receive() called!
[Vehicle 30] message received
[Vehicle 30] message received: Vehicle 6 message 2 at 347336382362
[Vehicle 30] received message from Vehicle 6, msg_id=2, latency=553μs (0.553ms)
Vehicle::receive() called!
[Vehicle 30] message received
[Vehicle 30] message received: Vehicle 12 message 2 at 347336384309
[Vehicle 30] received message from Vehicle 12, msg_id=2, latency=162μs (0.162ms)
Vehicle::receive() called!
[Vehicle 30] message received
[Vehicle 30] message received: Vehicle 4 message 2 at 347337383375
[Vehicle 30] received message from Vehicle 4, msg_id=2, latency=170μs (0.17ms)
Vehicle::receive() called!
[Vehicle 30] message received
[Vehicle 30] message received: Vehicle 20 message 2 at 347337387432
[Vehicle 30] received message from Vehicle 20, msg_id=2, latency=218μs (0.218ms)
Vehicle::receive() called!
[Vehicle 30] message received
[Vehicle 30] message received: Vehicle 2 message 2 at 347338383270
[Vehicle 30] received message from Vehicle 2, msg_id=2, latency=217μs (0.217ms)
Vehicle::receive() called!
[Vehicle 30] message received
[Vehicle 30] message received: Vehicle 16 message 2 at 347338387359
[Vehicle 30] received message from Vehicle 16, msg_id=2, latency=137μs (0.137ms)
Vehicle::receive() called!
[Vehicle 30] message received
[Vehicle 30] message received: Vehicle 8 message 2 at 347339382341
[Vehicle 30] received message from Vehicle 8, msg_id=2, latency=91μs (0.091ms)
Vehicle::receive() called!
[Vehicle 30] message received
[Vehicle 30] message received: Vehicle 10 message 2 at 347339382734
[Vehicle 30] received message from Vehicle 10, msg_id=2, latency=416μs (0.416ms)
Vehicle::receive() called!
[Vehicle 30] message received
[Vehicle 30] message received: Vehicle 22 message 2 at 347339387357
[Vehicle 30] sending message 2: {Vehicle 30 message 2 at 347339387413}
Vehicle::send() called!
[Vehicle 30] message sent
[Vehicle 30] message 2 sent!
[Vehicle 30] received message from Vehicle 22, msg_id=2, latency=47μs (0.047ms)
Vehicle::receive() called!
[Vehicle 30] message received
[Vehicle 30] message received: Vehicle 24 message 3 at 347340384424
[Vehicle 30] received message from Vehicle 24, msg_id=3, latency=144μs (0.144ms)
Vehicle::receive() called!
[Vehicle 30] message received
[Vehicle 30] message received: Vehicle 26 message 3 at 347341383675
[Vehicle 30] received message from Vehicle 26, msg_id=3, latency=205μs (0.205ms)
Vehicle::receive() called!
[Vehicle 30] message received
[Vehicle 30] message received: Vehicle 14 message 3 at 347341387511
[Vehicle 30] received message from Vehicle 14, msg_id=3, latency=183μs (0.183ms)
Vehicle::receive() called!
[Vehicle 30] message received
[Vehicle 30] message received: Vehicle 28 message 3 at 347341389719
[Vehicle 30] received message from Vehicle 28, msg_id=3, latency=135μs (0.135ms)
Vehicle::receive() called!
[Vehicle 30] message received
[Vehicle 30] message received: Vehicle 18 message 3 at 347342387562
[Vehicle 30] received message from Vehicle 18, msg_id=3, latency=88μs (0.088ms)
Vehicle::receive() called!
[Vehicle 30] message received
[Vehicle 30] message received: Vehicle 6 message 3 at 347344382536
[Vehicle 30] received message from Vehicle 6, msg_id=3, latency=207μs (0.207ms)
Vehicle::receive() called!
[Vehicle 30] message received
[Vehicle 30] message received: Vehicle 10 message 3 at 347344382896
[Vehicle 30] received message from Vehicle 10, msg_id=3, latency=234μs (0.234ms)
Vehicle::receive() called!
[Vehicle 30] message received
[Vehicle 30] message received: Vehicle 2 message 3 at 347344383451
[Vehicle 30] received message from Vehicle 2, msg_id=3, latency=39μs (0.039ms)
Vehicle::receive() called!
[Vehicle 30] message received
[Vehicle 30] message received: Vehicle 22 message 3 at 347344387462
[Vehicle 30] received message from Vehicle 22, msg_id=3, latency=418μs (0.418ms)
Vehicle::receive() called!
[Vehicle 30] message received
[Vehicle 30] message received: Vehicle 12 message 3 at 347345384460
[Vehicle 30] received message from Vehicle 12, msg_id=3, latency=190μs (0.19ms)
Vehicle::receive() called!
[Vehicle 30] sending message 3: {Vehicle 30 message 3 at 347345387532}
Vehicle::send() called!
[Vehicle 30] message sent
[Vehicle 30] message 3 sent!
[Vehicle 30] message received
[Vehicle 30] message received: Vehicle 16 message 3 at 347345387476
[Vehicle 30] received message from Vehicle 16, msg_id=3, latency=144μs (0.144ms)
Vehicle::receive() called!
[Vehicle 30] message received
[Vehicle 30] message received: Vehicle 20 message 3 at 347346387673
[Vehicle 30] received message from Vehicle 20, msg_id=3, latency=532μs (0.532ms)
Vehicle::receive() called!
[Vehicle 30] message received
[Vehicle 30] message received: Vehicle 4 message 3 at 347347383627
[Vehicle 30] received message from Vehicle 4, msg_id=3, latency=544μs (0.544ms)
Vehicle::receive() called!
[Vehicle 30] message received
[Vehicle 30] message received: Vehicle 26 message 4 at 347347384146
[Vehicle 30] received message from Vehicle 26, msg_id=4, latency=387μs (0.387ms)
Vehicle::receive() called!
[Vehicle 30] message received
[Vehicle 30] message received: Vehicle 28 message 4 at 347347389882
[Vehicle 30] received message from Vehicle 28, msg_id=4, latency=106μs (0.106ms)
Vehicle::receive() called!
[Vehicle 30] message received
[Vehicle 30] message received: Vehicle 8 message 3 at 347349382484
[Vehicle 30] received message from Vehicle 8, msg_id=3, latency=390μs (0.39ms)
Vehicle::receive() called!
[Vehicle 30] message received
[Vehicle 30] message received: Vehicle 18 message 4 at 347349387721
[Vehicle 30] received message from Vehicle 18, msg_id=4, latency=183μs (0.183ms)
Vehicle::receive() called!
[Vehicle 30] message received
[Vehicle 30] message received: Vehicle 2 message 4 at 347350383577
[Vehicle 30] received message from Vehicle 2, msg_id=4, latency=176μs (0.176ms)
Vehicle::receive() called!
[Vehicle 30] message received
[Vehicle 30] message received: Vehicle 24 message 4 at 347350384736
[Vehicle 30] received message from Vehicle 24, msg_id=4, latency=49μs (0.049ms)
Vehicle::receive() called!
[Vehicle 30] message received
[Vehicle 30] message received: Vehicle 6 message 4 at 347351382737
[Vehicle 30] received message from Vehicle 6, msg_id=4, latency=89μs (0.089ms)
Vehicle::receive() called!
[Vehicle 30] message received
[Vehicle 30] message received: Vehicle 14 message 4 at 347351387615
[Vehicle 30] received message from Vehicle 14, msg_id=4, latency=94μs (0.094ms)
Vehicle::receive() called!
[Vehicle 30] message received
[Vehicle 30] message received: Vehicle 22 message 4 at 347351387635
[Vehicle 30] received message from Vehicle 22, msg_id=4, latency=436μs (0.436ms)
Vehicle::receive() called!
[Vehicle 30] message received
[Vehicle 30] message received: Vehicle 20 message 4 at 347352387829
[Vehicle 30] received message from Vehicle 20, msg_id=4, latency=576μs (0.576ms)
Vehicle::receive() called!
[Vehicle 30] message received
[Vehicle 30] message received: Vehicle 26 message 5 at 347353384341
[Vehicle 30] received message from Vehicle 26, msg_id=5, latency=120μs (0.12ms)
Vehicle::receive() called!
[Vehicle 30] message received
[Vehicle 30] message received: Vehicle 10 message 4 at 347354383009
[Vehicle 30] received message from Vehicle 10, msg_id=4, latency=574μs (0.574ms)
Vehicle::receive() called!
[Vehicle 30] message received
[Vehicle 30] message received: Vehicle 16 message 4 at 347354387589
[Vehicle 30] sending message 4: {Vehicle 30 message 4 at 347354387998}
Vehicle::send() called!
[Vehicle 30] received message from Vehicle 16, msg_id=4, latency=218μs (0.218ms)
8[Vehicle 30)
30] message sent
[Vehicle  sent
Vehicle::receive() called!
[Vehicle 30] message 4 message [Vehicle 4 s] messa] message received
[Vehicle 30] message received: Vehicle 18 message 5 at 347354388005
[Vehicle 30] received message from Vehicle 18, msg_id=5, latency=101μs (0.101ms)
Vehicle::receive() called!
[Vehicle 30] message received
[Vehicle 30] message received: Vehicle 8 message 4 at 347355382694
[Vehicle 30] received message from Vehicle 8, msg_id=4, latency=572μs (0.572ms)
Vehicle::receive() called!
[Vehicle 30] message received
[Vehicle 30] message received: Vehicle 12 message 4 at 347355384700
[Vehicle 30] received message from Vehicle 12, msg_id=4, latency=453μs (0.453ms)
Vehicle::receive() called!
[Vehicle 30] message received
[Vehicle 30] message received: Vehicle 24 message 5 at 347355385145
[Vehicle 30] received message from Vehicle 24, msg_id=5, latency=360μs (0.36ms)
Vehicle::receive() called!
[Vehicle 30] message received
[Vehicle 30] message received: Vehicle 28 message 5 at 347355390007
[Vehicle 30] received message from Vehicle 28, msg_id=5, latency=363μs (0.363ms)
Vehicle::receive() called!
[Vehicle 30] message received
[Vehicle 30] message received: Vehicle 6 message 5 at 347357382977
[Vehicle 30] received message from Vehicle 6, msg_id=5, latency=436μs (0.436ms)
Vehicle::receive() called!
[Vehicle 30] message received
[Vehicle 30] message received: Vehicle 2 message 5 at 347357383728
[Vehicle 30] received message from Vehicle 2, msg_id=5, latency=124μs (0.124ms)
Vehicle::receive() called!
[Vehicle 30] message received
[Vehicle 30] message received: Vehicle 4 message 4 at 347357383800
[Vehicle 30] received message from Vehicle 4, msg_id=4, latency=437μs (0.437ms)
Vehicle::receive() called!
[Vehicle 30] message received
[Vehicle 30] message received: Vehicle 26 message 6 at 347358384570
[Vehicle 30] received message from Vehicle 26, msg_id=6, latency=416μs (0.416ms)
Vehicle::receive() called!
[Vehicle 30] message received
[Vehicle 30] message received: Vehicle 16 message 5 at 347359387720
[Vehicle 30] received message from Vehicle 16, msg_id=5, latency=818μs (0.818ms)
Vehicle::receive() called!
[Vehicle 30] message received
[Vehicle 30] message received: Vehicle 14 message 5 at 347359387781
[Vehicle 30] received message from Vehicle 14, msg_id=5, latency=1011μs (1.011ms)
Vehicle::receive() called!
[Vehicle 30] message received
[Vehicle 30] message received: Vehicle 24 message 6 at 347360385720
[Vehicle 30] received message from Vehicle 24, msg_id=6, latency=154μs (0.154ms)
Vehicle::receive() called!
[Vehicle 30] message received
[Vehicle 30] message received: Vehicle 22 message 5 at 347360387750
[Vehicle 30] received message from Vehicle 22, msg_id=5, latency=172μs (0.172ms)
Vehicle::receive() called!
[Vehicle 30] sending message 5: {Vehicle 30 message 5 at 347360388205}
Vehicle::send() called!
[Vehicle 30] message sent
[Vehicle 30] message 5 sent!
[Vehicle 30] message received
[Vehicle 30] message received: Vehicle 28 message 6 at 347360390148
[Vehicle 30] received message from Vehicle 28, msg_id=6, latency=58μs (0.058ms)
Vehicle::receive() called!
[Vehicle 30] message received
[Vehicle 30] message received: Vehicle 20 message 5 at 347361387996
[Vehicle 30] received message from Vehicle 20, msg_id=5, latency=496μs (0.496ms)
Vehicle::receive() called!
[Vehicle 30] message received
[Vehicle 30] message received: Vehicle 6 message 6 at 347362383148
[Vehicle 30] received message from Vehicle 6, msg_id=6, latency=200μs (0.2ms)
Vehicle::receive() called!
[Vehicle 30] message received
[Vehicle 30] message received: Vehicle 10 message 5 at 347362383181
[Vehicle 30] received message from Vehicle 10, msg_id=5, latency=550μs (0.55ms)
Vehicle::receive() called!
[Vehicle 30] message received
[Vehicle 30] message received: Vehicle 2 message 6 at 347362384080
[Vehicle 30] received message from Vehicle 2, msg_id=6, latency=95μs (0.095ms)
Vehicle::receive() called!
[Vehicle 30] message received
[Vehicle 30] message received: Vehicle 12 message 5 at 347363384993
[Vehicle 30] received message from Vehicle 12, msg_id=5, latency=119μs (0.119ms)
Vehicle::receive() called!
[Vehicle 30] message received
[Vehicle 30] message received: Vehicle 18 message 6 at 347364388886
[Vehicle 30] received message from Vehicle 18, msg_id=6, latency=201μs (0.201ms)
Vehicle::receive() called!
[Vehicle 30] message received
[Vehicle 30] message received: Vehicle 8 message 5 at 347365382850
[Vehicle 30] received message from Vehicle 8, msg_id=5, latency=117μs (0.117ms)
Vehicle::receive() called!
[Vehicle 30] message received
[Vehicle 30] message received: Vehicle 28 message 7 at 347365390309
[Vehicle 30] received message from Vehicle 28, msg_id=7, latency=67μs (0.067ms)
Vehicle::receive() called!
[Vehicle 30] message received
[Vehicle 30] message received: Vehicle 4 message 5 at 347366384023
[Vehicle 30] received message from Vehicle 4, msg_id=5, latency=113μs (0.113ms)
Vehicle::receive() called!
[Vehicle 30] message received
[Vehicle 30] message received: Vehicle 22 message 6 at 347366387912
[Vehicle 30] sending message 6: {Vehicle 30 message 6 at 347366388353}
Vehicle::send() called!
[Vehicle 30] received message from Vehicle 22, msg_id=6, latency=131μs (0.131ms)
Vehicle::receive() called!
[Vehicle 30] message sent
[Vehicle 30] message 6 sent!
[Vehicle 30] message received
[Vehicle 30] message received: Vehicle 20 message 6 at 347366388411
[Vehicle 30] received message from Vehicle 20, msg_id=6, latency=666μs (0.666ms)
Vehicle::receive() called!
[Vehicle 30] message received
[Vehicle 30] message received: Vehicle 2 message 7 at 347368384667
[Vehicle 30] received message from Vehicle 2, msg_id=7, latency=548μs (0.548ms)
Vehicle::receive() called!
[Vehicle 30] message received
[Vehicle 30] message received: Vehicle 26 message 7 at 347368384792
[Vehicle 30] received message from Vehicle 26, msg_id=7, latency=763μs (0.763ms)
Vehicle::receive() called!
[Vehicle 30] message received
[Vehicle 30] message received: Vehicle 14 message 6 at 347368387914
[Vehicle 30] received message from Vehicle 14, msg_id=6, latency=56μs (0.056ms)
Vehicle::receive() called!
[Vehicle 30] message received
[Vehicle 30] message received: Vehicle 6 message 7 at 347369383313
[Vehicle 30] received message from Vehicle 6, msg_id=7, latency=102μs (0.102ms)
Vehicle::receive() called!
[Vehicle 30] message received
[Vehicle 30] message received: Vehicle 16 message 6 at 347369387923
[Vehicle 30] received message from Vehicle 16, msg_id=6, latency=120μs (0.12ms)
Vehicle::receive() called!
[Vehicle 30] message received
[Vehicle 30] message received: Vehicle 12 message 6 at 347370385305
[Vehicle 30] received message from Vehicle 12, msg_id=6, latency=529μs (0.529ms)
Vehicle::receive() called!
[Vehicle 30] message received
[Vehicle 30] message received: Vehicle 24 message 7 at 347370385970
[Vehicle 30] received message from Vehicle 24, msg_id=7, latency=225μs (0.225ms)
Vehicle::receive() called!
[Vehicle 30] message received
[Vehicle 30] message received: Vehicle 18 message 7 at 347371389006
[Vehicle 30] received message from Vehicle 18, msg_id=7, latency=195μs (0.195ms)
Vehicle::receive() called!
[Vehicle 30] message received
[Vehicle 30] message received: Vehicle 10 message 6 at 347372383471
[Vehicle 30] received message from Vehicle 10, msg_id=6, latency=171μs (0.171ms)
Vehicle::receive() called!
[Vehicle 30] message received
[Vehicle 30] message received: Vehicle 8 message 6 at 347373383026
[Vehicle 30] received message from Vehicle 8, msg_id=6, latency=502μs (0.502ms)
Vehicle::receive() called!
[Vehicle 30] message received
[Vehicle 30] message received: Vehicle 4 message 6 at 347374384191
[Vehicle 30] received message from Vehicle 4, msg_id=6, latency=197μs (0.197ms)
Vehicle::receive() called!
[Vehicle 30] sending message 7: {Vehicle 30 message 7 at 347374388514}
Vehicle::send() called!
[Vehicle 30] message sent
[Vehicle 30] message 7 sent!
[Vehicle 30] message received
[Vehicle 30] message received: Vehicle 28 message 8 at 347374390461
[Vehicle 30] received message from Vehicle 28, msg_id=8, latency=189μs (0.189ms)
Vehicle::receive() called!
[Vehicle 30] message received
[Vehicle 30] message received: Vehicle 6 message 8 at 347375383472
[Vehicle 30] received message from Vehicle 6, msg_id=8, latency=221μs (0.221ms)
Vehicle::receive() called!
[Vehicle 30] message received
[Vehicle 30] message received: Vehicle 12 message 7 at 347375385512
[Vehicle 30] received message from Vehicle 12, msg_id=7, latency=281μs (0.281ms)
Vehicle::receive() called!
[Vehicle 30] message received
[Vehicle 30] message received: Vehicle 22 message 7 at 347375388017
[Vehicle 30] received message from Vehicle 22, msg_id=7, latency=373μs (0.373ms)
Vehicle::receive() called!
[Vehicle 30] message received
[Vehicle 30] message received: Vehicle 20 message 7 at 347376388542
[Vehicle 30] received message from Vehicle 20, msg_id=7, latency=448μs (0.448ms)
Vehicle::receive() called!
[Vehicle 30] message received
[Vehicle 30] message received: Vehicle 10 message 7 at 347377383729
[Vehicle 30] received message from Vehicle 10, msg_id=7, latency=255μs (0.255ms)
Vehicle::receive() called!
[Vehicle 30] message received
[Vehicle 30] message received: Vehicle 2 message 8 at 347378384821
[Vehicle 30] received message from Vehicle 2, msg_id=8, latency=253μs (0.253ms)
Vehicle::receive() called!
[Vehicle 30] message received
[Vehicle 30] message received: Vehicle 26 message 8 at 347378384967
[Vehicle 30] received message from Vehicle 26, msg_id=8, latency=420μs (0.42ms)
Vehicle::receive() called!
[Vehicle 30] message received
[Vehicle 30] message received: Vehicle 14 message 7 at 347378388063
[Vehicle 30] received message from Vehicle 14, msg_id=7, latency=737μs (0.737ms)
Vehicle::receive() called!
[Vehicle 30] message received
[Vehicle 30] message received: Vehicle 16 message 7 at 347378388095
[Vehicle 30] received message from Vehicle 16, msg_id=7, latency=978μs (0.978ms)
Vehicle::receive() called!
[Vehicle 30] lifetime ended. Stopping vehicle.
[Vehicle 30] closing connections to unblock receive calls
[Vehicle 30] sending message 8: {Vehicle 30 message 8 at 347379389039}
Vehicle::send() called!
[Vehicle 30] message sent
[Vehicle 30] message 8 sent!
[Vehicle 30] receive() call interrupted by vehicle stop
[Vehicle 30] detected vehicle is no longer running, exiting receiver loop
[Vehicle 30] receiver component terminated.
[Vehicle 30] sender component stopping.
[Vehicle 30] sender component terminated.
[Vehicle 30] stopping receiver thread.
[Vehicle 30] v->stop() called.
[Vehicle 30] terminated cleanly.
Vehicle::~Vehicle() called!
[Vehicle 30] sender component stopping.
[Vehicle 30] stopping receiver thread.
