[Vehicle 26] creating sender component
[Vehicle 26] creating receiver component
[Vehicle 26] starting. Lifetime: 41s
[Vehicle 26] sleeping for lifetime: 41s
[SenderComponent 26] sending message 1: {Vehicle 26 message 1 at 26101704375}
[Vehicle 26] message sent
[SenderComponent 26] message 1 sent!
[Vehicle 26] message received
[ReceiverComponent 26] received message from Vehicle 20, msg_id = 1, latency = 650μs (0.65ms)
[Vehicle 26] message received
[ReceiverComponent 26] received message from Vehicle 14, msg_id = 1, latency = 999μs (0.999ms)
[Vehicle 26] message received
[ReceiverComponent 26] received message from Vehicle 30, msg_id = 1, latency = 1204μs (1.204ms)
[Vehicle 26] message received
[ReceiverComponent 26] received message from Vehicle 2, msg_id = 1, latency = 1514μs (1.514ms)
[Vehicle 26] message received
[ReceiverComponent 26] received message from Vehicle 8, msg_id = 1, latency = 1684μs (1.684ms)
[Vehicle 26] message received
[ReceiverComponent 26] received message from Vehicle 10, msg_id = 1, latency = 2397μs (2.397ms)
[Vehicle 26] message received
[ReceiverComponent 26] received message from Vehicle 28, msg_id = 1, latency = 610μs (0.61ms)
[SenderComponent 26] sending message 2: {Vehicle 26 message 2 at 26121704603}
[Vehicle 26] message sent
[SenderComponent 26] message 2 sent!
