[Vehicle 21] creating receiver component
[Vehicle 21] starting. Lifetime: 38s
[Vehicle 21] sleeping for lifetime: 38s
[Vehicle 21] message received
[ReceiverComponent 21] received message from Vehicle 30, msg_id = 1, latency = 134μs (0.134ms)
[Vehicle 21] message received
[ReceiverComponent 21] received message from Vehicle 2, msg_id = 1, latency = 495μs (0.495ms)
[Vehicle 21] message received
[ReceiverComponent 21] received message from Vehicle 28, msg_id = 1, latency = 811μs (0.811ms)
[Vehicle 21] message received
[ReceiverComponent 21] received message from Vehicle 18, msg_id = 1, latency = 95μs (0.095ms)
[Vehicle 21] message received
[ReceiverComponent 21] received message from Vehicle 16, msg_id = 1, latency = 427μs (0.427ms)
[Vehicle 21] message received
[ReceiverComponent 21] received message from Vehicle 2, msg_id = 2, latency = 180μs (0.18ms)
[Vehicle 21] message received
[ReceiverComponent 21] received message from Vehicle 28, msg_id = 2, latency = 90μs (0.09ms)
[Vehicle 21] message received
[ReceiverComponent 21] received message from Vehicle 12, msg_id = 2, latency = 281μs (0.281ms)
[Vehicle 21] message received
[ReceiverComponent 21] received message from Vehicle 20, msg_id = 2, latency = 79μs (0.079ms)
[Vehicle 21] message received
[ReceiverComponent 21] received message from Vehicle 24, msg_id = 2, latency = 146μs (0.146ms)
[Vehicle 21] message received
[ReceiverComponent 21] received message from Vehicle 10, msg_id = 2, latency = 173μs (0.173ms)
[Vehicle 21] lifetime ended. Stopping vehicle.
[Vehicle 21] message not received
[ReceiverComponent 21] failed to receive message
[ReceiverComponent 21] terminated.
[Vehicle 21] terminated cleanly.
