[Vehicle 25] creating receiver component
[Vehicle 25] starting. Lifetime: 17s
[Vehicle 25] sleeping for lifetime: 17s
[Vehicle 25] message received
[ReceiverComponent 25] received message from Vehicle 16, msg_id = 1, latency = 132μs (0.132ms)
[Vehicle 25] message received
[ReceiverComponent 25] received message from Vehicle 22, msg_id = 1, latency = 405μs (0.405ms)
[Vehicle 25] message received
[ReceiverComponent 25] received message from Vehicle 4, msg_id = 1, latency = 71μs (0.071ms)
[Vehicle 25] message received
[ReceiverComponent 25] received message from Vehicle 18, msg_id = 1, latency = 106μs (0.106ms)
[Vehicle 25] message received
[ReceiverComponent 25] received message from Vehicle 24, msg_id = 1, latency = 363μs (0.363ms)
[Vehicle 25] message received
[ReceiverComponent 25] received message from Vehicle 6, msg_id = 1, latency = 575μs (0.575ms)
[Vehicle 25] message received
[ReceiverComponent 25] received message from Vehicle 12, msg_id = 1, latency = 850μs (0.85ms)
[Vehicle 25] message received
[ReceiverComponent 25] received message from Vehicle 20, msg_id = 1, latency = 222μs (0.222ms)
[Vehicle 25] message received
[ReceiverComponent 25] received message from Vehicle 14, msg_id = 1, latency = 432μs (0.432ms)
[Vehicle 25] message received
[ReceiverComponent 25] received message from Vehicle 26, msg_id = 1, latency = 536μs (0.536ms)
[Vehicle 25] message received
[ReceiverComponent 25] received message from Vehicle 30, msg_id = 1, latency = 762μs (0.762ms)
[Vehicle 25] message received
[ReceiverComponent 25] received message from Vehicle 2, msg_id = 1, latency = 964μs (0.964ms)
[Vehicle 25] message received
[ReceiverComponent 25] received message from Vehicle 8, msg_id = 1, latency = 1431μs (1.431ms)
[Vehicle 25] message received
[ReceiverComponent 25] received message from Vehicle 10, msg_id = 1, latency = 2079μs (2.079ms)
[Vehicle 25] message received
[ReceiverComponent 25] received message from Vehicle 28, msg_id = 1, latency = 177μs (0.177ms)
[Vehicle 25] lifetime ended. Stopping vehicle.
[Vehicle 25] message not received
[ReceiverComponent 25] failed to receive message
[ReceiverComponent 25] terminated.
[Vehicle 25] terminated cleanly.
