[Vehicle 16] creating sender component
[Vehicle 16] creating receiver component
[Vehicle 16] starting. Lifetime: 12s
[Vehicle 16] sleeping for lifetime: 12s
[SenderComponent 16] sending message 1: {Vehicle 16 message 1 at 23336872314}
[Vehicle 16] message sent
[SenderComponent 16] message 1 sent!
[Vehicle 16] message received
[ReceiverComponent 16] received message from Vehicle 28, msg_id = 1, latency = 111μs (0.111ms)
[Vehicle 16] message received
[ReceiverComponent 16] received message from Vehicle 20, msg_id = 1, latency = 386μs (0.386ms)
[Vehicle 16] message received
[ReceiverComponent 16] received message from Vehicle 4, msg_id = 1, latency = 542μs (0.542ms)
[Vehicle 16] message received
[ReceiverComponent 16] received message from Vehicle 2, msg_id = 1, latency = 69μs (0.069ms)
[Vehicle 16] message received
[ReceiverComponent 16] received message from Vehicle 6, msg_id = 1, latency = 313μs (0.313ms)
[Vehicle 16] message received
[ReceiverComponent 16] received message from Vehicle 12, msg_id = 1, latency = 459μs (0.459ms)
[Vehicle 16] message received
[ReceiverComponent 16] received message from Vehicle 14, msg_id = 1, latency = 112μs (0.112ms)
[Vehicle 16] message received
[ReceiverComponent 16] received message from Vehicle 30, msg_id = 1, latency = 358μs (0.358ms)
[Vehicle 16] message received
[ReceiverComponent 16] received message from Vehicle 24, msg_id = 1, latency = 547μs (0.547ms)
[Vehicle 16] message received
[ReceiverComponent 16] received message from Vehicle 26, msg_id = 1, latency = 663μs (0.663ms)
[Vehicle 16] message received
[ReceiverComponent 16] received message from Vehicle 22, msg_id = 1, latency = 652μs (0.652ms)
[Vehicle 16] message received
[ReceiverComponent 16] received message from Vehicle 18, msg_id = 1, latency = 436μs (0.436ms)
[Vehicle 16] lifetime ended. Stopping vehicle.
[Vehicle 16] message not received
[ReceiverComponent 16] failed to receive message
[ReceiverComponent 16] terminated.
[Vehicle 16] terminated cleanly.
[SenderComponent 16] terminated.
