[Vehicle 4] creating sender component
[Vehicle 4] creating receiver component
[Vehicle 4] starting. Lifetime: 13s
[Vehicle 4] sleeping for lifetime: 13s
[SenderComponent 4] sending message 1: {Vehicle 4 message 1 at 23336873327}
[Vehicle 4] message received
[Vehicle 4] message sent
[SenderComponent 4] message 1 sent!
[ReceiverComponent 4] received message from Vehicle 28, msg_id = 1, latency = 132μs (0.132ms)
[Vehicle 4] message received
[ReceiverComponent 4] received message from Vehicle 20, msg_id = 1, latency = 347μs (0.347ms)
[Vehicle 4] message received
[ReceiverComponent 4] received message from Vehicle 2, msg_id = 1, latency = 68μs (0.068ms)
[Vehicle 4] message received
[ReceiverComponent 4] received message from Vehicle 6, msg_id = 1, latency = 427μs (0.427ms)
[Vehicle 4] message received
[ReceiverComponent 4] received message from Vehicle 12, msg_id = 1, latency = 648μs (0.648ms)
[Vehicle 4] message received
[ReceiverComponent 4] received message from Vehicle 14, msg_id = 1, latency = 103μs (0.103ms)
[Vehicle 4] message received
[ReceiverComponent 4] received message from Vehicle 30, msg_id = 1, latency = 233μs (0.233ms)
[Vehicle 4] message received
[ReceiverComponent 4] received message from Vehicle 24, msg_id = 1, latency = 533μs (0.533ms)
[Vehicle 4] message received
[ReceiverComponent 4] received message from Vehicle 26, msg_id = 1, latency = 772μs (0.772ms)
[Vehicle 4] message received
[ReceiverComponent 4] received message from Vehicle 22, msg_id = 1, latency = 815μs (0.815ms)
[Vehicle 4] message received
[ReceiverComponent 4] received message from Vehicle 18, msg_id = 1, latency = 378μs (0.378ms)
[Vehicle 4] lifetime ended. Stopping vehicle.
[Vehicle 4] message not received
[ReceiverComponent 4] failed to receive message
[ReceiverComponent 4] terminated.
[Vehicle 4] terminated cleanly.
[SenderComponent 4] terminated.
