[Vehicle 22] creating sender component
[Vehicle 22] creating receiver component
[Vehicle 22] starting. Lifetime: 36s
[Vehicle 22] sleeping for lifetime: 36s
[SenderComponent 22] sending message 1: {Vehicle 22 message 1 at 26101695369}
[Vehicle 22] message sent
[SenderComponent 22] message 1 sent!
[Vehicle 22] message received
[ReceiverComponent 22] received message from Vehicle 16, msg_id = 1, latency = 102μs (0.102ms)
[Vehicle 22] message received
[ReceiverComponent 22] received message from Vehicle 4, msg_id = 1, latency = 68μs (0.068ms)
[Vehicle 22] message received
[ReceiverComponent 22] received message from Vehicle 18, msg_id = 1, latency = 93μs (0.093ms)
[Vehicle 22] message received
[ReceiverComponent 22] received message from Vehicle 24, msg_id = 1, latency = 321μs (0.321ms)
[Vehicle 22] message received
[ReceiverComponent 22] received message from Vehicle 6, msg_id = 1, latency = 480μs (0.48ms)
[Vehicle 22] message received
[ReceiverComponent 22] received message from Vehicle 12, msg_id = 1, latency = 1544μs (1.544ms)
[Vehicle 22] message received
[ReceiverComponent 22] received message from Vehicle 20, msg_id = 1, latency = 1008μs (1.008ms)
[Vehicle 22] message received
[ReceiverComponent 22] received message from Vehicle 14, msg_id = 1, latency = 1302μs (1.302ms)
[Vehicle 22] message received
[ReceiverComponent 22] received message from Vehicle 26, msg_id = 1, latency = 1525μs (1.525ms)
[Vehicle 22] message received
[ReceiverComponent 22] received message from Vehicle 30, msg_id = 1, latency = 1864μs (1.864ms)
[Vehicle 22] message received
[ReceiverComponent 22] received message from Vehicle 2, msg_id = 1, latency = 2175μs (2.175ms)
[Vehicle 22] message received
[ReceiverComponent 22] received message from Vehicle 8, msg_id = 1, latency = 2348μs (2.348ms)
[Vehicle 22] message received
[ReceiverComponent 22] received message from Vehicle 10, msg_id = 1, latency = 2961μs (2.961ms)
[Vehicle 22] message received
[ReceiverComponent 22] received message from Vehicle 28, msg_id = 1, latency = 1004μs (1.004ms)
[Vehicle 22] message received
[ReceiverComponent 22] received message from Vehicle 26, msg_id = 2, latency = 540μs (0.54ms)
