[Vehicle 27] creating receiver component
[Vehicle 27] starting. Lifetime: 27s
[Vehicle 27] sleeping for lifetime: 27s
[Vehicle 27] message received
[ReceiverComponent 27] received message from Vehicle 30, msg_id = 1, latency = 105μs (0.105ms)
[Vehicle 27] message received
[ReceiverComponent 27] received message from Vehicle 24, msg_id = 1, latency = 849μs (0.849ms)
[Vehicle 27] message received
[ReceiverComponent 27] received message from Vehicle 26, msg_id = 1, latency = 989μs (0.989ms)
[Vehicle 27] message received
[ReceiverComponent 27] received message from Vehicle 22, msg_id = 1, latency = 976μs (0.976ms)
[Vehicle 27] message received
[ReceiverComponent 27] received message from Vehicle 18, msg_id = 1, latency = 367μs (0.367ms)
[Vehicle 27] message received
[ReceiverComponent 27] received message from Vehicle 18, msg_id = 2, latency = 191μs (0.191ms)
[Vehicle 27] lifetime ended. Stopping vehicle.
[Vehicle 27] message not received
[ReceiverComponent 27] failed to receive message
[ReceiverComponent 27] terminated.
[Vehicle 27] terminated cleanly.
