Vehicle::Vehicle() called!
run_vehicle() called!
[Vehicle 1] SIGUSR1 handler installed.
[Vehicle 1] creating receiver component
[Vehicle 1] starting. Lifetime: 50s
[Vehicle 1] sleeping for lifetime: 50s
ReceiverComponent::run() started for vehicle 1
Vehicle::receive() called!
[Vehicle 1] message received
[Vehicle 1] message received: Vehicle 8 message 1 at 347329382229
[Vehicle 1] received message from Vehicle 8, msg_id=1, latency=250μs (0.25ms)
Vehicle::receive() called!
[Vehicle 1] message received
[Vehicle 1] message received: Vehicle 6 message 1 at 347329382248
[Vehicle 1] received message from Vehicle 6, msg_id=1, latency=508μs (0.508ms)
Vehicle::receive() called!
[Vehicle 1] message received
[Vehicle 1] message received: Vehicle 10 message 1 at 347329382342
[Vehicle 1] received message from Vehicle 10, msg_id=1, latency=653μs (0.653ms)
Vehicle::receive() called!
[Vehicle 1] message received
[Vehicle 1] message received: Vehicle 2 message 1 at 347329383146
[Vehicle 1] received message from Vehicle 2, msg_id=1, latency=108μs (0.108ms)
Vehicle::receive() called!
[Vehicle 1] message received
[Vehicle 1] message received: Vehicle 4 message 1 at 347329383246
[Vehicle 1] received message from Vehicle 4, msg_id=1, latency=255μs (0.255ms)
Vehicle::receive() called!
[Vehicle 1] message received
[Vehicle 1] message received: Vehicle 26 message 1 at 347329383248
[Vehicle 1] received message from Vehicle 26, msg_id=1, latency=499μs (0.499ms)
Vehicle::receive() called!
[Vehicle 1] message received
[Vehicle 1] message received: Vehicle 24 message 1 at 347329384150
[Vehicle 1] received message from Vehicle 24, msg_id=1, latency=88μs (0.088ms)
Vehicle::receive() called!
[Vehicle 1] message received
[Vehicle 1] message received: Vehicle 12 message 1 at 347329384164
[Vehicle 1] received message from Vehicle 12, msg_id=1, latency=443μs (0.443ms)
Vehicle::receive() called!
[Vehicle 1] message received
[Vehicle 1] message received: Vehicle 22 message 1 at 347329387221
[Vehicle 1] received message from Vehicle 22, msg_id=1, latency=111μs (0.111ms)
Vehicle::receive() called!
[Vehicle 1] message received
[Vehicle 1] message received: Vehicle 16 message 1 at 347329387225
[Vehicle 1] received message from Vehicle 16, msg_id=1, latency=434μs (0.434ms)
Vehicle::receive() called!
[Vehicle 1] message received
[Vehicle 1] message received: Vehicle 20 message 1 at 347329387217
[Vehicle 1] received message from Vehicle 20, msg_id=1, latency=707μs (0.707ms)
Vehicle::receive() called!
[Vehicle 1] message received
[Vehicle 1] message received: Vehicle 14 message 1 at 347329387231
[Vehicle 1] received message from Vehicle 14, msg_id=1, latency=961μs (0.961ms)
Vehicle::receive() called!
[Vehicle 1] message received
[Vehicle 1] message received: Vehicle 30 message 1 at 347329387273
[Vehicle 1] received message from Vehicle 30, msg_id=1, latency=1187μs (1.187ms)
Vehicle::receive() called!
[Vehicle 1] message received
[Vehicle 1] message received: Vehicle 18 message 1 at 347329387295
[Vehicle 1] received message from Vehicle 18, msg_id=1, latency=1426μs (1.426ms)
Vehicle::receive() called!
[Vehicle 1] message received
[Vehicle 1] message received: Vehicle 28 message 1 at 347329389370
[Vehicle 1] received message from Vehicle 28, msg_id=1, latency=349μs (0.349ms)
Vehicle::receive() called!
[Vehicle 1] message received
[Vehicle 1] message received: Vehicle 26 message 2 at 347334383393
[Vehicle 1] received message from Vehicle 26, msg_id=2, latency=504μs (0.504ms)
Vehicle::receive() called!
[Vehicle 1] message received
[Vehicle 1] message received: Vehicle 24 message 2 at 347334384286
[Vehicle 1] received message from Vehicle 24, msg_id=2, latency=112μs (0.112ms)
Vehicle::receive() called!
[Vehicle 1] message received
[Vehicle 1] message received: Vehicle 14 message 2 at 347335387362
[Vehicle 1] received message from Vehicle 14, msg_id=2, latency=211μs (0.211ms)
Vehicle::receive() called!
[Vehicle 1] message received
[Vehicle 1] message received: Vehicle 18 message 2 at 347335387416
[Vehicle 1] received message from Vehicle 18, msg_id=2, latency=717μs (0.717ms)
Vehicle::receive() called!
[Vehicle 1] message received
[Vehicle 1] message received: Vehicle 28 message 2 at 347335389569
[Vehicle 1] received message from Vehicle 28, msg_id=2, latency=226μs (0.226ms)
Vehicle::receive() called!
[Vehicle 1] message received
[Vehicle 1] message received: Vehicle 6 message 2 at 347336382362
[Vehicle 1] received message from Vehicle 6, msg_id=2, latency=247μs (0.247ms)
Vehicle::receive() called!
[Vehicle 1] message received
[Vehicle 1] message received: Vehicle 12 message 2 at 347336384309
[Vehicle 1] received message from Vehicle 12, msg_id=2, latency=211μs (0.211ms)
Vehicle::receive() called!
[Vehicle 1] message received
[Vehicle 1] message received: Vehicle 4 message 2 at 347337383375
[Vehicle 1] received message from Vehicle 4, msg_id=2, latency=106μs (0.106ms)
Vehicle::receive() called!
[Vehicle 1] message received
[Vehicle 1] message received: Vehicle 20 message 2 at 347337387432
[Vehicle 1] received message from Vehicle 20, msg_id=2, latency=77μs (0.077ms)
Vehicle::receive() called!
[Vehicle 1] message received
[Vehicle 1] message received: Vehicle 2 message 2 at 347338383270
[Vehicle 1] received message from Vehicle 2, msg_id=2, latency=249μs (0.249ms)
Vehicle::receive() called!
[Vehicle 1] message received
[Vehicle 1] message received: Vehicle 16 message 2 at 347338387359
[Vehicle 1] received message from Vehicle 16, msg_id=2, latency=62μs (0.062ms)
Vehicle::receive() called!
[Vehicle 1] message received
[Vehicle 1] message received: Vehicle 8 message 2 at 347339382341
[Vehicle 1] received message from Vehicle 8, msg_id=2, latency=91μs (0.091ms)
Vehicle::receive() called!
[Vehicle 1] message received
[Vehicle 1] message received: Vehicle 10 message 2 at 347339382734
[Vehicle 1] received message from Vehicle 10, msg_id=2, latency=121μs (0.121ms)
Vehicle::receive() called!
[Vehicle 1] message received
[Vehicle 1] message received: Vehicle 22 message 2 at 347339387357
[Vehicle 1] received message from Vehicle 22, msg_id=2, latency=54μs (0.054ms)
Vehicle::receive() called!
[Vehicle 1] message received
[Vehicle 1] message received: Vehicle 30 message 2 at 347339387413
[Vehicle 1] received message from Vehicle 30, msg_id=2, latency=378μs (0.378ms)
Vehicle::receive() called!
[Vehicle 1] message received
[Vehicle 1] message received: Vehicle 24 message 3 at 347340384424
[Vehicle 1] received message from Vehicle 24, msg_id=3, latency=568μs (0.568ms)
Vehicle::receive() called!
[Vehicle 1] message received
[Vehicle 1] message received: Vehicle 26 message 3 at 347341383675
[Vehicle 1] received message from Vehicle 26, msg_id=3, latency=139μs (0.139ms)
Vehicle::receive() called!
[Vehicle 1] message received
[Vehicle 1] message received: Vehicle 14 message 3 at 347341387511
[Vehicle 1] received message from Vehicle 14, msg_id=3, latency=83μs (0.083ms)
Vehicle::receive() called!
[Vehicle 1] message received
[Vehicle 1] message received: Vehicle 28 message 3 at 347341389719
[Vehicle 1] received message from Vehicle 28, msg_id=3, latency=61μs (0.061ms)
Vehicle::receive() called!
[Vehicle 1] message received
[Vehicle 1] message received: Vehicle 18 message 3 at 347342387562
[Vehicle 1] received message from Vehicle 18, msg_id=3, latency=188μs (0.188ms)
Vehicle::receive() called!
[Vehicle 1] message received
[Vehicle 1] message received: Vehicle 6 message 3 at 347344382536
[Vehicle 1] received message from Vehicle 6, msg_id=3, latency=177μs (0.177ms)
Vehicle::receive() called!
[Vehicle 1] message received
[Vehicle 1] message received: Vehicle 10 message 3 at 347344382896
[Vehicle 1] received message from Vehicle 10, msg_id=3, latency=221μs (0.221ms)
Vehicle::receive() called!
[Vehicle 1] message received
[Vehicle 1] message received: Vehicle 2 message 3 at 347344383451
[Vehicle 1] received message from Vehicle 2, msg_id=3, latency=66μs (0.066ms)
Vehicle::receive() called!
[Vehicle 1] message received
[Vehicle 1] message received: Vehicle 22 message 3 at 347344387462
[Vehicle 1] received message from Vehicle 22, msg_id=3, latency=74μs (0.074ms)
Vehicle::receive() called!
[Vehicle 1] message received
[Vehicle 1] message received: Vehicle 12 message 3 at 347345384460
[Vehicle 1] received message from Vehicle 12, msg_id=3, latency=512μs (0.512ms)
Vehicle::receive() called!
[Vehicle 1] message received
[Vehicle 1] message received: Vehicle 16 message 3 at 347345387476
[Vehicle 1] received message from Vehicle 16, msg_id=3, latency=168μs (0.168ms)
Vehicle::receive() called!
[Vehicle 1] message received
[Vehicle 1] message received: Vehicle 30 message 3 at 347345387532
[Vehicle 1] received message from Vehicle 30, msg_id=3, latency=475μs (0.475ms)
Vehicle::receive() called!
[Vehicle 1] message received
[Vehicle 1] message received: Vehicle 20 message 3 at 347346387673
[Vehicle 1] received message from Vehicle 20, msg_id=3, latency=151μs (0.151ms)
Vehicle::receive() called!
[Vehicle 1] message received
[Vehicle 1] message received: Vehicle 4 message 3 at 347347383627
[Vehicle 1] received message from Vehicle 4, msg_id=3, latency=491μs (0.491ms)
Vehicle::receive() called!
[Vehicle 1] message received
[Vehicle 1] message received: Vehicle 26 message 4 at 347347384146
[Vehicle 1] received message from Vehicle 26, msg_id=4, latency=436μs (0.436ms)
Vehicle::receive() called!
[Vehicle 1] message received
[Vehicle 1] message received: Vehicle 28 message 4 at 347347389882
[Vehicle 1] received message from Vehicle 28, msg_id=4, latency=397μs (0.397ms)
Vehicle::receive() called!
[Vehicle 1] message received
[Vehicle 1] message received: Vehicle 8 message 3 at 347349382484
[Vehicle 1] received message from Vehicle 8, msg_id=3, latency=264μs (0.264ms)
Vehicle::receive() called!
[Vehicle 1] message received
[Vehicle 1] message received: Vehicle 18 message 4 at 347349387721
[Vehicle 1] received message from Vehicle 18, msg_id=4, latency=134μs (0.134ms)
Vehicle::receive() called!
[Vehicle 1] message received
[Vehicle 1] message received: Vehicle 2 message 4 at 347350383577
[Vehicle 1] received message from Vehicle 2, msg_id=4, latency=281μs (0.281ms)
Vehicle::receive() called!
[Vehicle 1] message received
[Vehicle 1] message received: Vehicle 24 message 4 at 347350384736
[Vehicle 1] received message from Vehicle 24, msg_id=4, latency=89μs (0.089ms)
Vehicle::receive() called!
[Vehicle 1] message received
[Vehicle 1] message received: Vehicle 6 message 4 at 347351382737
[Vehicle 1] received message from Vehicle 6, msg_id=4, latency=514μs (0.514ms)
Vehicle::receive() called!
[Vehicle 1] message received
[Vehicle 1] message received: Vehicle 14 message 4 at 347351387615
[Vehicle 1] received message from Vehicle 14, msg_id=4, latency=645μs (0.645ms)
Vehicle::receive() called!
[Vehicle 1] message received
[Vehicle 1] message received: Vehicle 22 message 4 at 347351387635
[Vehicle 1] received message from Vehicle 22, msg_id=4, latency=891μs (0.891ms)
Vehicle::receive() called!
[Vehicle 1] message received
[Vehicle 1] message received: Vehicle 20 message 4 at 347352387829
[Vehicle 1] received message from Vehicle 20, msg_id=4, latency=110μs (0.11ms)
Vehicle::receive() called!
[Vehicle 1] message received
[Vehicle 1] message received: Vehicle 26 message 5 at 347353384341
[Vehicle 1] received message from Vehicle 26, msg_id=5, latency=461μs (0.461ms)
Vehicle::receive() called!
[Vehicle 1] message received
[Vehicle 1] message received: Vehicle 10 message 4 at 347354383009
[Vehicle 1] received message from Vehicle 10, msg_id=4, latency=114μs (0.114ms)
Vehicle::receive() called!
[Vehicle 1] message received
[Vehicle 1] message received: Vehicle 16 message 4 at 347354387589
[Vehicle 1] received message from Vehicle 16, msg_id=4, latency=149μs (0.149ms)
Vehicle::receive() called!
[Vehicle 1] message received
[Vehicle 1] message received: Vehicle 30 message 4 at 347354387998
[Vehicle 1] received message from Vehicle 30, msg_id=4, latency=150μs (0.15ms)
Vehicle::receive() called!
[Vehicle 1] message received
[Vehicle 1] message received: Vehicle 18 message 5 at 347354388005
[Vehicle 1] received message from Vehicle 18, msg_id=5, latency=506μs (0.506ms)
Vehicle::receive() called!
[Vehicle 1] message received
[Vehicle 1] message received: Vehicle 8 message 4 at 347355382694
[Vehicle 1] received message from Vehicle 8, msg_id=4, latency=117μs (0.117ms)
Vehicle::receive() called!
[Vehicle 1] message received
[Vehicle 1] message received: Vehicle 12 message 4 at 347355384700
[Vehicle 1] received message from Vehicle 12, msg_id=4, latency=139μs (0.139ms)
Vehicle::receive() called!
[Vehicle 1] message received
[Vehicle 1] message received: Vehicle 24 message 5 at 347355385145
[Vehicle 1] received message from Vehicle 24, msg_id=5, latency=81μs (0.081ms)
Vehicle::receive() called!
[Vehicle 1] message received
[Vehicle 1] message received: Vehicle 28 message 5 at 347355390007
[Vehicle 1] received message from Vehicle 28, msg_id=5, latency=98μs (0.098ms)
Vehicle::receive() called!
[Vehicle 1] message received
[Vehicle 1] message received: Vehicle 6 message 5 at 347357382977
[Vehicle 1] received message from Vehicle 6, msg_id=5, latency=201μs (0.201ms)
Vehicle::receive() called!
[Vehicle 1] message received
[Vehicle 1] message received: Vehicle 2 message 5 at 347357383728
[Vehicle 1] received message from Vehicle 2, msg_id=5, latency=340μs (0.34ms)
Vehicle::receive() called!
[Vehicle 1] message received
[Vehicle 1] message received: Vehicle 4 message 4 at 347357383800
[Vehicle 1] received message from Vehicle 4, msg_id=4, latency=519μs (0.519ms)
Vehicle::receive() called!
[Vehicle 1] message received
[Vehicle 1] message received: Vehicle 26 message 6 at 347358384570
[Vehicle 1] received message from Vehicle 26, msg_id=6, latency=196μs (0.196ms)
Vehicle::receive() called!
[Vehicle 1] message received
[Vehicle 1] message received: Vehicle 16 message 5 at 347359387720
[Vehicle 1] received message from Vehicle 16, msg_id=5, latency=730μs (0.73ms)
Vehicle::receive() called!
[Vehicle 1] message received
[Vehicle 1] message received: Vehicle 14 message 5 at 347359387781
[Vehicle 1] received message from Vehicle 14, msg_id=5, latency=889μs (0.889ms)
Vehicle::receive() called!
[Vehicle 1] message received
[Vehicle 1] message received: Vehicle 24 message 6 at 347360385720
[Vehicle 1] received message from Vehicle 24, msg_id=6, latency=244μs (0.244ms)
Vehicle::receive() called!
[Vehicle 1] message received
[Vehicle 1] message received: Vehicle 22 message 5 at 347360387750
[Vehicle 1] received message from Vehicle 22, msg_id=5, latency=213μs (0.213ms)
Vehicle::receive() called!
[Vehicle 1] message received
[Vehicle 1] message received: Vehicle 30 message 5 at 347360388205
[Vehicle 1] received message from Vehicle 30, msg_id=5, latency=112μs (0.112ms)
Vehicle::receive() called!
[Vehicle 1] message received
[Vehicle 1] message received: Vehicle 28 message 6 at 347360390148
[Vehicle 1] received message from Vehicle 28, msg_id=6, latency=316μs (0.316ms)
Vehicle::receive() called!
[Vehicle 1] message received
[Vehicle 1] message received: Vehicle 20 message 5 at 347361387996
[Vehicle 1] received message from Vehicle 20, msg_id=5, latency=200μs (0.2ms)
Vehicle::receive() called!
[Vehicle 1] message received
[Vehicle 1] message received: Vehicle 6 message 6 at 347362383148
[Vehicle 1] received message from Vehicle 6, msg_id=6, latency=154μs (0.154ms)
Vehicle::receive() called!
[Vehicle 1] message received
[Vehicle 1] message received: Vehicle 10 message 5 at 347362383181
[Vehicle 1] received message from Vehicle 10, msg_id=5, latency=582μs (0.582ms)
Vehicle::receive() called!
[Vehicle 1] message received
[Vehicle 1] message received: Vehicle 2 message 6 at 347362384080
[Vehicle 1] received message from Vehicle 2, msg_id=6, latency=92μs (0.092ms)
Vehicle::receive() called!
[Vehicle 1] message received
[Vehicle 1] message received: Vehicle 12 message 5 at 347363384993
[Vehicle 1] received message from Vehicle 12, msg_id=5, latency=208μs (0.208ms)
Vehicle::receive() called!
[Vehicle 1] message received
[Vehicle 1] message received: Vehicle 18 message 6 at 347364388886
[Vehicle 1] received message from Vehicle 18, msg_id=6, latency=106μs (0.106ms)
Vehicle::receive() called!
[Vehicle 1] message received
[Vehicle 1] message received: Vehicle 8 message 5 at 347365382850
[Vehicle 1] received message from Vehicle 8, msg_id=5, latency=273μs (0.273ms)
Vehicle::receive() called!
[Vehicle 1] message received
[Vehicle 1] message received: Vehicle 28 message 7 at 347365390309
[Vehicle 1] received message from Vehicle 28, msg_id=7, latency=207μs (0.207ms)
Vehicle::receive() called!
[Vehicle 1] message received
[Vehicle 1] message received: Vehicle 4 message 5 at 347366384023
[Vehicle 1] received message from Vehicle 4, msg_id=5, latency=256μs (0.256ms)
Vehicle::receive() called!
[Vehicle 1] message received
[Vehicle 1] message received: Vehicle 22 message 6 at 347366387912
[Vehicle 1] received message from Vehicle 22, msg_id=6, latency=95μs (0.095ms)
Vehicle::receive() called!
[Vehicle 1] message received
[Vehicle 1] message received: Vehicle 30 message 6 at 347366388353
[Vehicle 1] received message from Vehicle 30, msg_id=6, latency=723μs (0.723ms)
Vehicle::receive() called!
[Vehicle 1] message received
[Vehicle 1] message received: Vehicle 20 message 6 at 347366388411
[Vehicle 1] received message from Vehicle 20, msg_id=6, latency=882μs (0.882ms)
Vehicle::receive() called!
[Vehicle 1] message received
[Vehicle 1] message received: Vehicle 2 message 7 at 347368384667
[Vehicle 1] received message from Vehicle 2, msg_id=7, latency=275μs (0.275ms)
Vehicle::receive() called!
[Vehicle 1] message received
[Vehicle 1] message received: Vehicle 26 message 7 at 347368384792
[Vehicle 1] received message from Vehicle 26, msg_id=7, latency=475μs (0.475ms)
Vehicle::receive() called!
[Vehicle 1] message received
[Vehicle 1] message received: Vehicle 14 message 6 at 347368387914
[Vehicle 1] received message from Vehicle 14, msg_id=6, latency=235μs (0.235ms)
Vehicle::receive() called!
[Vehicle 1] message received
[Vehicle 1] message received: Vehicle 6 message 7 at 347369383313
[Vehicle 1] received message from Vehicle 6, msg_id=7, latency=198μs (0.198ms)
Vehicle::receive() called!
[Vehicle 1] message received
[Vehicle 1] message received: Vehicle 16 message 6 at 347369387923
[Vehicle 1] received message from Vehicle 16, msg_id=6, latency=152μs (0.152ms)
Vehicle::receive() called!
[Vehicle 1] message received
[Vehicle 1] message received: Vehicle 12 message 6 at 347370385305
[Vehicle 1] received message from Vehicle 12, msg_id=6, latency=542μs (0.542ms)
Vehicle::receive() called!
[Vehicle 1] message received
[Vehicle 1] message received: Vehicle 24 message 7 at 347370385970
[Vehicle 1] received message from Vehicle 24, msg_id=7, latency=159μs (0.159ms)
Vehicle::receive() called!
[Vehicle 1] message received
[Vehicle 1] message received: Vehicle 18 message 7 at 347371389006
[Vehicle 1] received message from Vehicle 18, msg_id=7, latency=514μs (0.514ms)
Vehicle::receive() called!
[Vehicle 1] message received
[Vehicle 1] message received: Vehicle 10 message 6 at 347372383471
[Vehicle 1] received message from Vehicle 10, msg_id=6, latency=139μs (0.139ms)
Vehicle::receive() called!
[Vehicle 1] message received
[Vehicle 1] message received: Vehicle 8 message 6 at 347373383026
[Vehicle 1] received message from Vehicle 8, msg_id=6, latency=204μs (0.204ms)
Vehicle::receive() called!
[Vehicle 1] message received
[Vehicle 1] message received: Vehicle 4 message 6 at 347374384191
[Vehicle 1] received message from Vehicle 4, msg_id=6, latency=122μs (0.122ms)
Vehicle::receive() called!
[Vehicle 1] message received
[Vehicle 1] message received: Vehicle 30 message 7 at 347374388514
[Vehicle 1] received message from Vehicle 30, msg_id=7, latency=107μs (0.107ms)
Vehicle::receive() called!
[Vehicle 1] message received
[Vehicle 1] message received: Vehicle 28 message 8 at 347374390461
[Vehicle 1] received message from Vehicle 28, msg_id=8, latency=363μs (0.363ms)
Vehicle::receive() called!
[Vehicle 1] message received
[Vehicle 1] message received: Vehicle 6 message 8 at 347375383472
[Vehicle 1] received message from Vehicle 6, msg_id=8, latency=224μs (0.224ms)
Vehicle::receive() called!
[Vehicle 1] message received
[Vehicle 1] message received: Vehicle 12 message 7 at 347375385512
[Vehicle 1] received message from Vehicle 12, msg_id=7, latency=320μs (0.32ms)
Vehicle::receive() called!
[Vehicle 1] message received
[Vehicle 1] message received: Vehicle 22 message 7 at 347375388017
[Vehicle 1] received message from Vehicle 22, msg_id=7, latency=165μs (0.165ms)
Vehicle::receive() called!
[Vehicle 1] message received
[Vehicle 1] message received: Vehicle 20 message 7 at 347376388542
[Vehicle 1] received message from Vehicle 20, msg_id=7, latency=526μs (0.526ms)
Vehicle::receive() called!
[Vehicle 1] message received
[Vehicle 1] message received: Vehicle 10 message 7 at 347377383729
[Vehicle 1] received message from Vehicle 10, msg_id=7, latency=137μs (0.137ms)
Vehicle::receive() called!
[Vehicle 1] message received
[Vehicle 1] message received: Vehicle 2 message 8 at 347378384821
[Vehicle 1] received message from Vehicle 2, msg_id=8, latency=277μs (0.277ms)
Vehicle::receive() called!
[Vehicle 1] message received
[Vehicle 1] message received: Vehicle 26 message 8 at 347378384967
[Vehicle 1] received message from Vehicle 26, msg_id=8, latency=500μs (0.5ms)
Vehicle::receive() called!
[Vehicle 1] message received
[Vehicle 1] message received: Vehicle 14 message 7 at 347378388063
[Vehicle 1] received message from Vehicle 14, msg_id=7, latency=399μs (0.399ms)
Vehicle::receive() called!
[Vehicle 1] message received
[Vehicle 1] message received: Vehicle 16 message 7 at 347378388095
[Vehicle 1] received message from Vehicle 16, msg_id=7, latency=620μs (0.62ms)
Vehicle::receive() called!
[Vehicle 1] lifetime ended. Stopping vehicle.
[Vehicle 1] closing connections to unblock receive calls
[Vehicle 1] receive() call interrupted by vehicle stop
[Vehicle 1] detected vehicle is no longer running, exiting receiver loop
[Vehicle 1] receiver component terminated.
[Vehicle 1] stopping receiver thread.
[Vehicle 1] v->stop() called.
[Vehicle 1] terminated cleanly.
Vehicle::~Vehicle() called!
[Vehicle 1] stopping receiver thread.
