[Vehicle 7] creating receiver component
[Vehicle 7] starting. Lifetime: 33s
[Vehicle 7] sleeping for lifetime: 33s
[Vehicle 7] message received
[ReceiverComponent 7] received message from Vehicle 4, msg_id = 1, latency = 141μs (0.141ms)
[Vehicle 7] message received
[ReceiverComponent 7] received message from Vehicle 20, msg_id = 1, latency = 421μs (0.421ms)
[Vehicle 7] message received
[ReceiverComponent 7] received message from Vehicle 26, msg_id = 1, latency = 619μs (0.619ms)
[Vehicle 7] message received
[ReceiverComponent 7] received message from Vehicle 10, msg_id = 1, latency = 63μs (0.063ms)
[Vehicle 7] message received
[ReceiverComponent 7] received message from Vehicle 16, msg_id = 1, latency = 211μs (0.211ms)
[Vehicle 7] message received
[ReceiverComponent 7] received message from Vehicle 2, msg_id = 1, latency = 348μs (0.348ms)
[Vehicle 7] message received
[ReceiverComponent 7] received message from Vehicle 12, msg_id = 1, latency = 106μs (0.106ms)
[Vehicle 7] message received
[ReceiverComponent 7] received message from Vehicle 14, msg_id = 1, latency = 72μs (0.072ms)
[Vehicle 7] message received
[ReceiverComponent 7] received message from Vehicle 22, msg_id = 1, latency = 113μs (0.113ms)
[Vehicle 7] message received
[ReceiverComponent 7] received message from Vehicle 30, msg_id = 1, latency = 487μs (0.487ms)
[Vehicle 7] message received
[ReceiverComponent 7] received message from Vehicle 8, msg_id = 1, latency = 811μs (0.811ms)
[Vehicle 7] message received
[ReceiverComponent 7] received message from Vehicle 18, msg_id = 1, latency = 1043μs (1.043ms)
[Vehicle 7] message received
[ReceiverComponent 7] received message from Vehicle 6, msg_id = 1, latency = 461μs (0.461ms)
[Vehicle 7] message received
[ReceiverComponent 7] received message from Vehicle 28, msg_id = 1, latency = 476μs (0.476ms)
[Vehicle 7] message received
[ReceiverComponent 7] received message from Vehicle 24, msg_id = 1, latency = 159μs (0.159ms)
[Vehicle 7] message received
[ReceiverComponent 7] received message from Vehicle 2, msg_id = 2, latency = 527μs (0.527ms)
[Vehicle 7] message received
[ReceiverComponent 7] received message from Vehicle 12, msg_id = 2, latency = 116μs (0.116ms)
[Vehicle 7] message received
[ReceiverComponent 7] received message from Vehicle 26, msg_id = 2, latency = 201μs (0.201ms)
[Vehicle 7] message received
[ReceiverComponent 7] received message from Vehicle 20, msg_id = 2, latency = 142μs (0.142ms)
[Vehicle 7] lifetime ended. Stopping vehicle.
[Vehicle 7] message not received
[ReceiverComponent 7] failed to receive message
[ReceiverComponent 7] terminated.
[Vehicle 7] terminated cleanly.
