[Vehicle 10] creating sender component
[Vehicle 10] creating receiver component
[Vehicle 10] starting. Lifetime: 93s
[Vehicle 10] sleeping for lifetime: 93s
[SenderComponent 10] sending message 1: {Vehicle 10 message 1 at 12709655249}
[Vehicle 10] message sent
[SenderComponent 10] message 1 sent!
[Vehicle 10] message received
[ReceiverComponent 10] received message from Vehicle 28, msg_id = 1, latency = 646μs (0.646ms)
[Vehicle 10] message received
[ReceiverComponent 10] received message from Vehicle 22, msg_id = 1, latency = 896μs (0.896ms)
[Vehicle 10] message received
[ReceiverComponent 10] received message from Vehicle 26, msg_id = 1, latency = 857μs (0.857ms)
[Vehicle 10] message received
[ReceiverComponent 10] received message from Vehicle 24, msg_id = 1, latency = 1129μs (1.129ms)
[Vehicle 10] message received
[ReceiverComponent 10] received message from Vehicle 30, msg_id = 1, latency = 151μs (0.151ms)
[Vehicle 10] message received
[ReceiverComponent 10] received message from Vehicle 18, msg_id = 1, latency = 2353μs (2.353ms)
[Vehicle 10] message received
[ReceiverComponent 10] received message from Vehicle 18, msg_id = 2, latency = 2933μs (2.933ms)
[Vehicle 10] message received
[ReceiverComponent 10] received message from Vehicle 30, msg_id = 2, latency = 623μs (0.623ms)
[Vehicle 10] message received
[ReceiverComponent 10] received message from Vehicle 8, msg_id = 2, latency = 460μs (0.46ms)
[Vehicle 10] message received
[ReceiverComponent 10] received message from Vehicle 6, msg_id = 2, latency = 358μs (0.358ms)
[Vehicle 10] message received
[ReceiverComponent 10] received message from Vehicle 4, msg_id = 2, latency = 254μs (0.254ms)
[Vehicle 10] message received
[ReceiverComponent 10] received message from Vehicle 20, msg_id = 2, latency = 187μs (0.187ms)
[Vehicle 10] message received
[ReceiverComponent 10] received message from Vehicle 24, msg_id = 2, latency = 594μs (0.594ms)
[Vehicle 10] message received
[ReceiverComponent 10] received message from Vehicle 28, msg_id = 2, latency = 4039μs (4.039ms)
[Vehicle 10] message received
[ReceiverComponent 10] received message from Vehicle 16, msg_id = 2, latency = 909μs (0.909ms)
[Vehicle 10] message received
[ReceiverComponent 10] received message from Vehicle 26, msg_id = 2, latency = 2584μs (2.584ms)
[SenderComponent 10] sending message 2: {Vehicle 10 message 2 at 12739655508}
[Vehicle 10] message sent
[SenderComponent 10] message 2 sent!
[Vehicle 10] message received
[ReceiverComponent 10] received message from Vehicle 12, msg_id = 2, latency = 748μs (0.748ms)
[Vehicle 10] message received
[ReceiverComponent 10] received message from Vehicle 22, msg_id = 2, latency = 2626μs (2.626ms)
[Vehicle 10] message received
[ReceiverComponent 10] received message from Vehicle 14, msg_id = 2, latency = 1305μs (1.305ms)
[Vehicle 10] message received
[ReceiverComponent 10] received message from Vehicle 2, msg_id = 2, latency = 2715μs (2.715ms)
[Vehicle 10] message received
[ReceiverComponent 10] received message from Vehicle 8, msg_id = 3, latency = 848μs (0.848ms)
[Vehicle 10] message received
[ReceiverComponent 10] received message from Vehicle 26, msg_id = 3, latency = 623μs (0.623ms)
[Vehicle 10] message received
[ReceiverComponent 10] received message from Vehicle 28, msg_id = 3, latency = 1052μs (1.052ms)
[Vehicle 10] message received
[ReceiverComponent 10] received message from Vehicle 20, msg_id = 3, latency = 1604μs (1.604ms)
[Vehicle 10] message received
[ReceiverComponent 10] received message from Vehicle 18, msg_id = 3, latency = 1529μs (1.529ms)
[SenderComponent 10] sending message 3: {Vehicle 10 message 3 at 12766656295}
[Vehicle 10] message sent
[SenderComponent 10] message 3 sent!
[Vehicle 10] message received
[ReceiverComponent 10] received message from Vehicle 24, msg_id = 3, latency = 2993μs (2.993ms)
[Vehicle 10] message received
[ReceiverComponent 10] received message from Vehicle 4, msg_id = 3, latency = 368μs (0.368ms)
[Vehicle 10] message received
[ReceiverComponent 10] received message from Vehicle 16, msg_id = 3, latency = 1418μs (1.418ms)
[Vehicle 10] message received
[ReceiverComponent 10] received message from Vehicle 22, msg_id = 3, latency = 379μs (0.379ms)
[Vehicle 10] message received
[ReceiverComponent 10] received message from Vehicle 30, msg_id = 3, latency = 1162μs (1.162ms)
[Vehicle 10] message received
[ReceiverComponent 10] received message from Vehicle 6, msg_id = 3, latency = 2027μs (2.027ms)
[Vehicle 10] message received
[ReceiverComponent 10] received message from Vehicle 14, msg_id = 3, latency = 829μs (0.829ms)
[Vehicle 10] message received
[ReceiverComponent 10] received message from Vehicle 8, msg_id = 4, latency = 1665μs (1.665ms)
[Vehicle 10] message received
[ReceiverComponent 10] received message from Vehicle 12, msg_id = 3, latency = 1123μs (1.123ms)
[Vehicle 10] message received
[ReceiverComponent 10] received message from Vehicle 2, msg_id = 3, latency = 1840μs (1.84ms)
[Vehicle 10] message received
[ReceiverComponent 10] received message from Vehicle 26, msg_id = 4, latency = 318μs (0.318ms)
[SenderComponent 10] sending message 4: {Vehicle 10 message 4 at 12788657334}
[Vehicle 10] message sent
[SenderComponent 10] message 4 sent!
[Vehicle 10] message received
[ReceiverComponent 10] received message from Vehicle 28, msg_id = 4, latency = 1070μs (1.07ms)
[Vehicle 10] message received
[ReceiverComponent 10] received message from Vehicle 24, msg_id = 4, latency = 639μs (0.639ms)
[Vehicle 10] message received
[ReceiverComponent 10] received message from Vehicle 16, msg_id = 4, latency = 2276μs (2.276ms)
[Vehicle 10] message received
[ReceiverComponent 10] received message from Vehicle 20, msg_id = 4, latency = 767μs (0.767ms)
[Vehicle 10] message received
[ReceiverComponent 10] received message from Vehicle 22, msg_id = 4, latency = 1530μs (1.53ms)
[Vehicle 10] message received
[ReceiverComponent 10] received message from Vehicle 30, msg_id = 4, latency = 1803μs (1.803ms)
[Vehicle 10] message received
[ReceiverComponent 10] received message from Vehicle 4, msg_id = 4, latency = 875μs (0.875ms)
[Vehicle 10] lifetime ended. Stopping vehicle.
[Vehicle 10] message received
[ReceiverComponent 10] received message from Vehicle 8, msg_id = 5, latency = 1422μs (1.422ms)
[ReceiverComponent 10] terminated.
[Vehicle 10] terminated cleanly.
[SenderComponent 10] terminated.
