[Vehicle 17] creating receiver component
[Vehicle 17] starting. Lifetime: 35s
[Vehicle 17] sleeping for lifetime: 35s
[Vehicle 17] message received
[ReceiverComponent 17] received message from Vehicle 6, msg_id = 1, latency = 172μs (0.172ms)
[Vehicle 17] message received
[ReceiverComponent 17] received message from Vehicle 28, msg_id = 1, latency = 211μs (0.211ms)
[Vehicle 17] message received
[ReceiverComponent 17] received message from Vehicle 24, msg_id = 1, latency = 86μs (0.086ms)
[Vehicle 17] message received
[ReceiverComponent 17] received message from Vehicle 2, msg_id = 2, latency = 118μs (0.118ms)
[Vehicle 17] message received
[ReceiverComponent 17] received message from Vehicle 12, msg_id = 2, latency = 55μs (0.055ms)
[Vehicle 17] message received
[ReceiverComponent 17] received message from Vehicle 26, msg_id = 2, latency = 122μs (0.122ms)
[Vehicle 17] message received
[ReceiverComponent 17] received message from Vehicle 20, msg_id = 2, latency = 118μs (0.118ms)
[Vehicle 17] message received
[ReceiverComponent 17] received message from Vehicle 6, msg_id = 2, latency = 110μs (0.11ms)
[Vehicle 17] message received
[ReceiverComponent 17] received message from Vehicle 4, msg_id = 2, latency = 107μs (0.107ms)
[Vehicle 17] message received
[ReceiverComponent 17] received message from Vehicle 18, msg_id = 2, latency = 72μs (0.072ms)
[Vehicle 17] lifetime ended. Stopping vehicle.
[Vehicle 17] message not received
[ReceiverComponent 17] failed to receive message
[ReceiverComponent 17] terminated.
[Vehicle 17] terminated cleanly.
