Vehicle::Vehicle() called!
run_vehicle() called!
[Vehicle 28] SIGUSR1 handler installed.
[Vehicle 28] creating sender component
[Vehicle 28] creating receiver component
SenderComponent::run() started for vehicle 28
[Vehicle 28] starting. Lifetime: 50s
[Vehicle 28] sleeping for lifetime: 50s
ReceiverComponent::run() started for vehicle 28
Vehicle::receive() called!
[Vehicle 28] sending message 1: {Vehicle 28 message 1 at 347329389370}
Vehicle::send() called!
[Vehicle 28] message sent
[Vehicle 28] message 1 sent!
[Vehicle 28] message received
[Vehicle 28] message received: Vehicle 26 message 2 at 347334383393
[Vehicle 28] received message from Vehicle 26, msg_id=2, latency=246μs (0.246ms)
Vehicle::receive() called!
[Vehicle 28] message received
[Vehicle 28] message received: Vehicle 24 message 2 at 347334384286
[Vehicle 28] received message from Vehicle 24, msg_id=2, latency=106μs (0.106ms)
Vehicle::receive() called!
[Vehicle 28] message received
[Vehicle 28] message received: Vehicle 14 message 2 at 347335387362
[Vehicle 28] received message from Vehicle 14, msg_id=2, latency=158μs (0.158ms)
Vehicle::receive() called!
[Vehicle 28] message received
[Vehicle 28] message received: Vehicle 18 message 2 at 347335387416
[Vehicle 28] received message from Vehicle 18, msg_id=2, latency=862μs (0.862ms)
Vehicle::receive() called!
[Vehicle 28] sending message 2: {Vehicle 28 message 2 at 347335389569}
Vehicle::send() called!
[Vehicle 28] message sent
[Vehicle 28] message 2 sent!
[Vehicle 28] message received
[Vehicle 28] message received: Vehicle 6 message 2 at 347336382362
[Vehicle 28] received message from Vehicle 6, msg_id=2, latency=106μs (0.106ms)
Vehicle::receive() called!
[Vehicle 28] message received
[Vehicle 28] message received: Vehicle 12 message 2 at 347336384309
[Vehicle 28] received message from Vehicle 12, msg_id=2, latency=139μs (0.139ms)
Vehicle::receive() called!
[Vehicle 28] message received
[Vehicle 28] message received: Vehicle 4 message 2 at 347337383375
[Vehicle 28] received message from Vehicle 4, msg_id=2, latency=510μs (0.51ms)
Vehicle::receive() called!
[Vehicle 28] message received
[Vehicle 28] message received: Vehicle 20 message 2 at 347337387432
[Vehicle 28] received message from Vehicle 20, msg_id=2, latency=182μs (0.182ms)
Vehicle::receive() called!
[Vehicle 28] message received
[Vehicle 28] message received: Vehicle 2 message 2 at 347338383270
[Vehicle 28] received message from Vehicle 2, msg_id=2, latency=223μs (0.223ms)
Vehicle::receive() called!
[Vehicle 28] message received
[Vehicle 28] message received: Vehicle 16 message 2 at 347338387359
[Vehicle 28] received message from Vehicle 16, msg_id=2, latency=380μs (0.38ms)
Vehicle::receive() called!
[Vehicle 28] message received
[Vehicle 28] message received: Vehicle 8 message 2 at 347339382341
[Vehicle 28] received message from Vehicle 8, msg_id=2, latency=100μs (0.1ms)
Vehicle::receive() called!
[Vehicle 28] message received
[Vehicle 28] message received: Vehicle 10 message 2 at 347339382734
[Vehicle 28] received message from Vehicle 10, msg_id=2, latency=137μs (0.137ms)
Vehicle::receive() called!
[Vehicle 28] message received
[Vehicle 28] message received: Vehicle 22 message 2 at 347339387357
[Vehicle 28] received message from Vehicle 22, msg_id=2, latency=304μs (0.304ms)
Vehicle::receive() called!
[Vehicle 28] message received
[Vehicle 28] message received: Vehicle 30 message 2 at 347339387413
[Vehicle 28] received message from Vehicle 30, msg_id=2, latency=500μs (0.5ms)
Vehicle::receive() called!
[Vehicle 28] message received
[Vehicle 28] message received: Vehicle 24 message 3 at 347340384424
[Vehicle 28] received message from Vehicle 24, msg_id=3, latency=149μs (0.149ms)
Vehicle::receive() called!
[Vehicle 28] message received
[Vehicle 28] message received: Vehicle 26 message 3 at 347341383675
[Vehicle 28] received message from Vehicle 26, msg_id=3, latency=223μs (0.223ms)
Vehicle::receive() called!
[Vehicle 28] message received
[Vehicle 28] message received: Vehicle 14 message 3 at 347341387511
[Vehicle 28] received message from Vehicle 14, msg_id=3, latency=469μs (0.469ms)
Vehicle::receive() called!
[Vehicle 28] sending message 3: {Vehicle 28 message 3 at 347341389719}
Vehicle::send() called!
[Vehicle 28] message sent
[Vehicle 28] message 3 sent!
[Vehicle 28] message received
[Vehicle 28] message received: Vehicle 18 message 3 at 347342387562
[Vehicle 28] received message from Vehicle 18, msg_id=3, latency=98μs (0.098ms)
Vehicle::receive() called!
[Vehicle 28] message received
[Vehicle 28] message received: Vehicle 6 message 3 at 347344382536
[Vehicle 28] received message from Vehicle 6, msg_id=3, latency=588μs (0.588ms)
Vehicle::receive() called!
[Vehicle 28] message received
[Vehicle 28] message received: Vehicle 10 message 3 at 347344382896
[Vehicle 28] received message from Vehicle 10, msg_id=3, latency=530μs (0.53ms)
Vehicle::receive() called!
[Vehicle 28] message received
[Vehicle 28] message received: Vehicle 2 message 3 at 347344383451
[Vehicle 28] received message from Vehicle 2, msg_id=3, latency=311μs (0.311ms)
Vehicle::receive() called!
[Vehicle 28] message received
[Vehicle 28] message received: Vehicle 22 message 3 at 347344387462
[Vehicle 28] received message from Vehicle 22, msg_id=3, latency=435μs (0.435ms)
Vehicle::receive() called!
[Vehicle 28] message received
[Vehicle 28] message received: Vehicle 12 message 3 at 347345384460
[Vehicle 28] received message from Vehicle 12, msg_id=3, latency=453μs (0.453ms)
Vehicle::receive() called!
[Vehicle 28] message received
[Vehicle 28] message received: Vehicle 16 message 3 at 347345387476
[Vehicle 28] received message from Vehicle 16, msg_id=3, latency=156μs (0.156ms)
Vehicle::receive() called!
[Vehicle 28] message received
[Vehicle 28] message received: Vehicle 30 message 3 at 347345387532
[Vehicle 28] received message from Vehicle 30, msg_id=3, latency=478μs (0.478ms)
Vehicle::receive() called!
[Vehicle 28] message received
[Vehicle 28] message received: Vehicle 20 message 3 at 347346387673
[Vehicle 28] received message from Vehicle 20, msg_id=3, latency=254μs (0.254ms)
Vehicle::receive() called!
[Vehicle 28] message received
[Vehicle 28] message received: Vehicle 4 message 3 at 347347383627
[Vehicle 28] received message from Vehicle 4, msg_id=3, latency=216μs (0.216ms)
Vehicle::receive() called!
[Vehicle 28] message received
[Vehicle 28] message received: Vehicle 26 message 4 at 347347384146
[Vehicle 28] received message from Vehicle 26, msg_id=4, latency=126μs (0.126ms)
Vehicle::receive() called!
[Vehicle 28] sending message 4: {Vehicle 28 message 4 at 347347389882}
Vehicle::send() called!
[Vehicle 28] message sent
[Vehicle 28] message 4 sent!
[Vehicle 28] message received
[Vehicle 28] message received: Vehicle 8 message 3 at 347349382484
[Vehicle 28] received message from Vehicle 8, msg_id=3, latency=191μs (0.191ms)
Vehicle::receive() called!
[Vehicle 28] message received
[Vehicle 28] message received: Vehicle 18 message 4 at 347349387721
[Vehicle 28] received message from Vehicle 18, msg_id=4, latency=122μs (0.122ms)
Vehicle::receive() called!
[Vehicle 28] message received
[Vehicle 28] message received: Vehicle 2 message 4 at 347350383577
[Vehicle 28] received message from Vehicle 2, msg_id=4, latency=121μs (0.121ms)
Vehicle::receive() called!
[Vehicle 28] message received
[Vehicle 28] message received: Vehicle 24 message 4 at 347350384736
[Vehicle 28] received message from Vehicle 24, msg_id=4, latency=43μs (0.043ms)
Vehicle::receive() called!
[Vehicle 28] message received
[Vehicle 28] message received: Vehicle 6 message 4 at 347351382737
[Vehicle 28] received message from Vehicle 6, msg_id=4, latency=82μs (0.082ms)
Vehicle::receive() called!
[Vehicle 28] message received
[Vehicle 28] message received: Vehicle 14 message 4 at 347351387615
[Vehicle 28] received message from Vehicle 14, msg_id=4, latency=123μs (0.123ms)
Vehicle::receive() called!
[Vehicle 28] message received
[Vehicle 28] message received: Vehicle 22 message 4 at 347351387635
[Vehicle 28] received message from Vehicle 22, msg_id=4, latency=484μs (0.484ms)
Vehicle::receive() called!
[Vehicle 28] message received
[Vehicle 28] message received: Vehicle 20 message 4 at 347352387829
[Vehicle 28] received message from Vehicle 20, msg_id=4, latency=90μs (0.09ms)
Vehicle::receive() called!
[Vehicle 28] message received
[Vehicle 28] message received: Vehicle 26 message 5 at 347353384341
[Vehicle 28] received message from Vehicle 26, msg_id=5, latency=207μs (0.207ms)
Vehicle::receive() called!
[Vehicle 28] message received
[Vehicle 28] message received: Vehicle 10 message 4 at 347354383009
[Vehicle 28] received message from Vehicle 10, msg_id=4, latency=88μs (0.088ms)
Vehicle::receive() called!
[Vehicle 28] message received
[Vehicle 28] message received: Vehicle 16 message 4 at 347354387589
[Vehicle 28] received message from Vehicle 16, msg_id=4, latency=124μs (0.124ms)
Vehicle::receive() called!
[Vehicle 28] message received
[Vehicle 28] message received: Vehicle 30 message 4 at 347354387998
[Vehicle 28] received message from Vehicle 30, msg_id=4, latency=124μs (0.124ms)
Vehicle::receive() called!
[Vehicle 28] message received
[Vehicle 28] message received: Vehicle 18 message 5 at 347354388005
[Vehicle 28] received message from Vehicle 18, msg_id=5, latency=473μs (0.473ms)
Vehicle::receive() called!
[Vehicle 28] message received
[Vehicle 28] message received: Vehicle 8 message 4 at 347355382694
[Vehicle 28] received message from Vehicle 8, msg_id=4, latency=177μs (0.177ms)
Vehicle::receive() called!
[Vehicle 28] message received
[Vehicle 28] message received: Vehicle 12 message 4 at 347355384700
[Vehicle 28] received message from Vehicle 12, msg_id=4, latency=177μs (0.177ms)
Vehicle::receive() called!
[Vehicle 28] message received
[Vehicle 28] message received: Vehicle 24 message 5 at 347355385145
[Vehicle 28] received message from Vehicle 24, msg_id=5, latency=106μs (0.106ms)
Vehicle::receive() called!
[Vehicle 28] sending message 5: {Vehicle 28 message 5 at 347355390007}
Vehicle::send() called!
[Vehicle 28] message sent
[Vehicle 28] message 5 sent!
[Vehicle 28] message received
[Vehicle 28] message received: Vehicle 6 message 5 at 347357382977
[Vehicle 28] received message from Vehicle 6, msg_id=5, latency=169μs (0.169ms)
Vehicle::receive() called!
[Vehicle 28] message received
[Vehicle 28] message received: Vehicle 2 message 5 at 347357383728
[Vehicle 28] received message from Vehicle 2, msg_id=5, latency=87μs (0.087ms)
Vehicle::receive() called!
[Vehicle 28] message received
[Vehicle 28] message received: Vehicle 4 message 4 at 347357383800
[Vehicle 28] received message from Vehicle 4, msg_id=4, latency=374μs (0.374ms)
Vehicle::receive() called!
[Vehicle 28] message received
[Vehicle 28] message received: Vehicle 26 message 6 at 347358384570
[Vehicle 28] received message from Vehicle 26, msg_id=6, latency=96μs (0.096ms)
Vehicle::receive() called!
[Vehicle 28] message received
[Vehicle 28] message received: Vehicle 16 message 5 at 347359387720
[Vehicle 28] received message from Vehicle 16, msg_id=5, latency=251μs (0.251ms)
Vehicle::receive() called!
[Vehicle 28] message received
[Vehicle 28] message received: Vehicle 14 message 5 at 347359387781
[Vehicle 28] received message from Vehicle 14, msg_id=5, latency=485μs (0.485ms)
Vehicle::receive() called!
[Vehicle 28] message received
[Vehicle 28] message received: Vehicle 24 message 6 at 347360385720
[Vehicle 28] received message from Vehicle 24, msg_id=6, latency=163μs (0.163ms)
Vehicle::receive() called!
[Vehicle 28] message received
[Vehicle 28] message received: Vehicle 22 message 5 at 347360387750
[Vehicle 28] received message from Vehicle 22, msg_id=5, latency=148μs (0.148ms)
Vehicle::receive() called!
[Vehicle 28] message received
[Vehicle 28] message received: Vehicle 30 message 5 at 347360388205
[Vehicle 28] received message from Vehicle 30, msg_id=5, latency=50μs (0.05ms)
Vehicle::receive() called!
[Vehicle 28] sending message 6: {Vehicle 28 message 6 at 347360390148}
Vehicle::send() called!
[Vehicle 28] message sent
[Vehicle 28] message 6 sent!
[Vehicle 28] message received
[Vehicle 28] message received: Vehicle 20 message 5 at 347361387996
[Vehicle 28] received message from Vehicle 20, msg_id=5, latency=505μs (0.505ms)
Vehicle::receive() called!
[Vehicle 28] message received
[Vehicle 28] message received: Vehicle 6 message 6 at 347362383148
[Vehicle 28] received message from Vehicle 6, msg_id=6, latency=211μs (0.211ms)
Vehicle::receive() called!
[Vehicle 28] message received
[Vehicle 28] message received: Vehicle 10 message 5 at 347362383181
[Vehicle 28] received message from Vehicle 10, msg_id=5, latency=568μs (0.568ms)
Vehicle::receive() called!
[Vehicle 28] message received
[Vehicle 28] message received: Vehicle 2 message 6 at 347362384080
[Vehicle 28] received message from Vehicle 2, msg_id=6, latency=57μs (0.057ms)
Vehicle::receive() called!
[Vehicle 28] message received
[Vehicle 28] message received: Vehicle 12 message 5 at 347363384993
[Vehicle 28] received message from Vehicle 12, msg_id=5, latency=564μs (0.564ms)
Vehicle::receive() called!
[Vehicle 28] message received
[Vehicle 28] message received: Vehicle 18 message 6 at 347364388886
[Vehicle 28] received message from Vehicle 18, msg_id=6, latency=186μs (0.186ms)
Vehicle::receive() called!
[Vehicle 28] message received
[Vehicle 28] message received: Vehicle 8 message 5 at 347365382850
[Vehicle 28] received message from Vehicle 8, msg_id=5, latency=94μs (0.094ms)
Vehicle::receive() called!
[Vehicle 28] sending message 7: {Vehicle 28 message 7 at 347365390309}
Vehicle::send() called!
[Vehicle 28] message sent
[Vehicle 28] message 7 sent!
[Vehicle 28] message received
[Vehicle 28] message received: Vehicle 4 message 5 at 347366384023
[Vehicle 28] received message from Vehicle 4, msg_id=5, latency=241μs (0.241ms)
Vehicle::receive() called!
[Vehicle 28] message received
[Vehicle 28] message received: Vehicle 22 message 6 at 347366387912
[Vehicle 28] received message from Vehicle 22, msg_id=6, latency=175μs (0.175ms)
Vehicle::receive() called!
[Vehicle 28] message received
[Vehicle 28] message received: Vehicle 30 message 6 at 347366388353
[Vehicle 28] received message from Vehicle 30, msg_id=6, latency=56μs (0.056ms)
Vehicle::receive() called!
[Vehicle 28] message received
[Vehicle 28] message received: Vehicle 20 message 6 at 347366388411
[Vehicle 28] received message from Vehicle 20, msg_id=6, latency=368μs (0.368ms)
Vehicle::receive() called!
[Vehicle 28] message received
[Vehicle 28] message received: Vehicle 2 message 7 at 347368384667
[Vehicle 28] received message from Vehicle 2, msg_id=7, latency=142μs (0.142ms)
Vehicle::receive() called!
[Vehicle 28] message received
[Vehicle 28] message received: Vehicle 26 message 7 at 347368384792
[Vehicle 28] received message from Vehicle 26, msg_id=7, latency=757μs (0.757ms)
Vehicle::receive() called!
[Vehicle 28] message received
[Vehicle 28] message received: Vehicle 14 message 6 at 347368387914
[Vehicle 28] received message from Vehicle 14, msg_id=6, latency=43μs (0.043ms)
Vehicle::receive() called!
[Vehicle 28] message received
[Vehicle 28] message received: Vehicle 6 message 7 at 347369383313
[Vehicle 28] received message from Vehicle 6, msg_id=7, latency=258μs (0.258ms)
Vehicle::receive() called!
[Vehicle 28] message received
[Vehicle 28] message received: Vehicle 16 message 6 at 347369387923
[Vehicle 28] received message from Vehicle 16, msg_id=6, latency=142μs (0.142ms)
Vehicle::receive() called!
[Vehicle 28] message received
[Vehicle 28] message received: Vehicle 12 message 6 at 347370385305
[Vehicle 28] received message from Vehicle 12, msg_id=6, latency=190μs (0.19ms)
Vehicle::receive() called!
[Vehicle 28] message received
[Vehicle 28] message received: Vehicle 24 message 7 at 347370385970
[Vehicle 28] received message from Vehicle 24, msg_id=7, latency=92μs (0.092ms)
Vehicle::receive() called!
[Vehicle 28] message received
[Vehicle 28] message received: Vehicle 18 message 7 at 347371389006
[Vehicle 28] received message from Vehicle 18, msg_id=7, latency=179μs (0.179ms)
Vehicle::receive() called!
[Vehicle 28] message received
[Vehicle 28] message received: Vehicle 10 message 6 at 347372383471
[Vehicle 28] received message from Vehicle 10, msg_id=6, latency=523μs (0.523ms)
Vehicle::receive() called!
[Vehicle 28] message received
[Vehicle 28] message received: Vehicle 8 message 6 at 347373383026
[Vehicle 28] received message from Vehicle 8, msg_id=6, latency=194μs (0.194ms)
Vehicle::receive() called!
[Vehicle 28] message received
[Vehicle 28] message received: Vehicle 4 message 6 at 347374384191
[Vehicle 28] received message from Vehicle 4, msg_id=6, latency=271μs (0.271ms)
Vehicle::receive() called!
[Vehicle 28] message received
[Vehicle 28] message received: Vehicle 30 message 7 at 347374388514
[Vehicle 28] received message from Vehicle 30, msg_id=7, latency=58μs (0.058ms)
Vehicle::receive() called!
[Vehicle 28] sending message 8: {Vehicle 28 message 8 at 347374390461}
Vehicle::send() called!
[Vehicle 28] message sent
[Vehicle 28] message 8 sent!
[Vehicle 28] message received
[Vehicle 28] message received: Vehicle 6 message 8 at 347375383472
[Vehicle 28] received message from Vehicle 6, msg_id=8, latency=181μs (0.181ms)
Vehicle::receive() called!
[Vehicle 28] message received
[Vehicle 28] message received: Vehicle 12 message 7 at 347375385512
[Vehicle 28] received message from Vehicle 12, msg_id=7, latency=398μs (0.398ms)
Vehicle::receive() called!
[Vehicle 28] message received
[Vehicle 28] message received: Vehicle 22 message 7 at 347375388017
[Vehicle 28] received message from Vehicle 22, msg_id=7, latency=171μs (0.171ms)
Vehicle::receive() called!
[Vehicle 28] message received
[Vehicle 28] message received: Vehicle 20 message 7 at 347376388542
[Vehicle 28] received message from Vehicle 20, msg_id=7, latency=83μs (0.083ms)
Vehicle::receive() called!
[Vehicle 28] message received
[Vehicle 28] message received: Vehicle 10 message 7 at 347377383729
[Vehicle 28] received message from Vehicle 10, msg_id=7, latency=227μs (0.227ms)
Vehicle::receive() called!
[Vehicle 28] message received
[Vehicle 28] message received: Vehicle 2 message 8 at 347378384821
[Vehicle 28] received message from Vehicle 2, msg_id=8, latency=277μs (0.277ms)
Vehicle::receive() called!
[Vehicle 28] message received
[Vehicle 28] message received: Vehicle 26 message 8 at 347378384967
[Vehicle 28] received message from Vehicle 26, msg_id=8, latency=971μs (0.971ms)
Vehicle::receive() called!
[Vehicle 28] message received
[Vehicle 28] message received: Vehicle 14 message 7 at 347378388063
[Vehicle 28] received message from Vehicle 14, msg_id=7, latency=763μs (0.763ms)
Vehicle::receive() called!
[Vehicle 28] message received
[Vehicle 28] message received: Vehicle 16 message 7 at 347378388095
[Vehicle 28] received message from Vehicle 16, msg_id=7, latency=999μs (0.999ms)
Vehicle::receive() called!
[Vehicle 28] message received
[Vehicle 28] message received: Vehicle 30 message 8 at 347379389039
[Vehicle 28] lifetime ended. Stopping vehicle.
[Vehicle 28] closing connections to unblock receive calls
[Vehicle 28] received message from Vehicle 30, msg_id=8, latency=77μs (0.077ms)
[Vehicle 28] detected vehicle is no longer running, exiting receiver loop
[Vehicle 28] receiver component terminated.
[Vehicle 28] sender component stopping.
[Vehicle 28] sender component terminated.
[Vehicle 28] stopping receiver thread.
[Vehicle 28] v->stop() called.
[Vehicle 28] terminated cleanly.
Vehicle::~Vehicle() called!
[Vehicle 28] sender component stopping.
[Vehicle 28] stopping receiver thread.
