Vehicle::Vehicle() called!
run_vehicle() called!
[Vehicle 20] SIGUSR1 handler installed.
[Vehicle 20] creating sender component
[Vehicle 20] creating receiver component
SenderComponent::run() started for vehicle 20
[Vehicle 20] starting. Lifetime: 50s
[Vehicle 20] sleeping for lifetime: 50s
[Vehicle 20] sending message 1: {Vehicle 20 message 1 at 347329387217}
Vehicle::send() called!
ReceiverComponent::run() started for vehicle 20
Vehicle::receive() called!
[Vehicle 20] message sent
[Vehicle 20] message 1 sent!
[Vehicle 20] message received
[Vehicle 20] message received: Vehicle 22 message 1 at 347329387221
[Vehicle 20] received message from Vehicle 22, msg_id=1, latency=104μs (0.104ms)
Vehicle::receive() called!
[Vehicle 20] message received
[Vehicle 20] message received: Vehicle 16 message 1 at 347329387225
[Vehicle 20] received message from Vehicle 16, msg_id=1, latency=382μs (0.382ms)
Vehicle::receive() called!
[Vehicle 20] message received
[Vehicle 20] message received: Vehicle 14 message 1 at 347329387231
[Vehicle 20] received message from Vehicle 14, msg_id=1, latency=621μs (0.621ms)
Vehicle::receive() called!
[Vehicle 20] message received
[Vehicle 20] message received: Vehicle 30 message 1 at 347329387273
[Vehicle 20] received message from Vehicle 30, msg_id=1, latency=829μs (0.829ms)
Vehicle::receive() called!
[Vehicle 20] message received
[Vehicle 20] message received: Vehicle 18 message 1 at 347329387295
[Vehicle 20] received message from Vehicle 18, msg_id=1, latency=1046μs (1.046ms)
Vehicle::receive() called!
[Vehicle 20] message received
[Vehicle 20] message received: Vehicle 28 message 1 at 347329389370
[Vehicle 20] received message from Vehicle 28, msg_id=1, latency=46μs (0.046ms)
Vehicle::receive() called!
[Vehicle 20] message received
[Vehicle 20] message received: Vehicle 26 message 2 at 347334383393
[Vehicle 20] received message from Vehicle 26, msg_id=2, latency=247μs (0.247ms)
Vehicle::receive() called!
[Vehicle 20] message received
[Vehicle 20] message received: Vehicle 24 message 2 at 347334384286
[Vehicle 20] received message from Vehicle 24, msg_id=2, latency=43μs (0.043ms)
Vehicle::receive() called!
[Vehicle 20] message received
[Vehicle 20] message received: Vehicle 14 message 2 at 347335387362
[Vehicle 20] received message from Vehicle 14, msg_id=2, latency=84μs (0.084ms)
Vehicle::receive() called!
[Vehicle 20] message received
[Vehicle 20] message received: Vehicle 18 message 2 at 347335387416
[Vehicle 20] received message from Vehicle 18, msg_id=2, latency=391μs (0.391ms)
Vehicle::receive() called!
[Vehicle 20] message received
[Vehicle 20] message received: Vehicle 28 message 2 at 347335389569
[Vehicle 20] received message from Vehicle 28, msg_id=2, latency=47μs (0.047ms)
Vehicle::receive() called!
[Vehicle 20] message received
[Vehicle 20] message received: Vehicle 6 message 2 at 347336382362
[Vehicle 20] received message from Vehicle 6, msg_id=2, latency=251μs (0.251ms)
Vehicle::receive() called!
[Vehicle 20] message received
[Vehicle 20] message received: Vehicle 12 message 2 at 347336384309
[Vehicle 20] received message from Vehicle 12, msg_id=2, latency=397μs (0.397ms)
Vehicle::receive() called!
[Vehicle 20] message received
[Vehicle 20] message received: Vehicle 4 message 2 at 347337383375
[Vehicle 20] received message from Vehicle 4, msg_id=2, latency=196μs (0.196ms)
Vehicle::receive() called!
[Vehicle 20] sending message 2: {Vehicle 20 message 2 at 347337387432}
Vehicle::send() called!
[Vehicle 20] message sent
[Vehicle 20] message 2 sent!
[Vehicle 20] message received
[Vehicle 20] message received: Vehicle 2 message 2 at 347338383270
[Vehicle 20] received message from Vehicle 2, msg_id=2, latency=217μs (0.217ms)
Vehicle::receive() called!
[Vehicle 20] message received
[Vehicle 20] message received: Vehicle 16 message 2 at 347338387359
[Vehicle 20] received message from Vehicle 16, msg_id=2, latency=162μs (0.162ms)
Vehicle::receive() called!
[Vehicle 20] message received
[Vehicle 20] message received: Vehicle 8 message 2 at 347339382341
[Vehicle 20] received message from Vehicle 8, msg_id=2, latency=78μs (0.078ms)
Vehicle::receive() called!
[Vehicle 20] message received
[Vehicle 20] message received: Vehicle 10 message 2 at 347339382734
[Vehicle 20] received message from Vehicle 10, msg_id=2, latency=214μs (0.214ms)
Vehicle::receive() called!
[Vehicle 20] message received
[Vehicle 20] message received: Vehicle 22 message 2 at 347339387357
[Vehicle 20] received message from Vehicle 22, msg_id=2, latency=177μs (0.177ms)
Vehicle::receive() called!
[Vehicle 20] message received
[Vehicle 20] message received: Vehicle 30 message 2 at 347339387413
[Vehicle 20] received message from Vehicle 30, msg_id=2, latency=394μs (0.394ms)
Vehicle::receive() called!
[Vehicle 20] message received
[Vehicle 20] message received: Vehicle 24 message 3 at 347340384424
[Vehicle 20] received message from Vehicle 24, msg_id=3, latency=132μs (0.132ms)
Vehicle::receive() called!
[Vehicle 20] message received
[Vehicle 20] message received: Vehicle 26 message 3 at 347341383675
[Vehicle 20] received message from Vehicle 26, msg_id=3, latency=546μs (0.546ms)
Vehicle::receive() called!
[Vehicle 20] message received
[Vehicle 20] message received: Vehicle 14 message 3 at 347341387511
[Vehicle 20] received message from Vehicle 14, msg_id=3, latency=117μs (0.117ms)
Vehicle::receive() called!
[Vehicle 20] message received
[Vehicle 20] message received: Vehicle 28 message 3 at 347341389719
[Vehicle 20] received message from Vehicle 28, msg_id=3, latency=136μs (0.136ms)
Vehicle::receive() called!
[Vehicle 20] message received
[Vehicle 20] message received: Vehicle 18 message 3 at 347342387562
[Vehicle 20] received message from Vehicle 18, msg_id=3, latency=457μs (0.457ms)
Vehicle::receive() called!
[Vehicle 20] message received
[Vehicle 20] message received: Vehicle 6 message 3 at 347344382536
[Vehicle 20] received message from Vehicle 6, msg_id=3, latency=90μs (0.09ms)
Vehicle::receive() called!
[Vehicle 20] message received
[Vehicle 20] message received: Vehicle 10 message 3 at 347344382896
[Vehicle 20] received message from Vehicle 10, msg_id=3, latency=387μs (0.387ms)
Vehicle::receive() called!
[Vehicle 20] message received
[Vehicle 20] message received: Vehicle 2 message 3 at 347344383451
[Vehicle 20] received message from Vehicle 2, msg_id=3, latency=144μs (0.144ms)
Vehicle::receive() called!
[Vehicle 20] message received
[Vehicle 20] message received: Vehicle 22 message 3 at 347344387462
[Vehicle 20] received message from Vehicle 22, msg_id=3, latency=429μs (0.429ms)
Vehicle::receive() called!
[Vehicle 20] message received
[Vehicle 20] message received: Vehicle 12 message 3 at 347345384460
[Vehicle 20] received message from Vehicle 12, msg_id=3, latency=191μs (0.191ms)
Vehicle::receive() called!
[Vehicle 20] message received
[Vehicle 20] message received: Vehicle 16 message 3 at 347345387476
[Vehicle 20] received message from Vehicle 16, msg_id=3, latency=688μs (0.688ms)
Vehicle::receive() called!
[Vehicle 20] message received
[Vehicle 20] message received: Vehicle 30 message 3 at 347345387532
[Vehicle 20] received message from Vehicle 30, msg_id=3, latency=887μs (0.887ms)
Vehicle::receive() called!
[Vehicle 20] sending message 3: {Vehicle 20 message 3 at 347346387673}
Vehicle::send() called!
[Vehicle 20] message sent
[Vehicle 20] message 3 sent!
[Vehicle 20] message received
[Vehicle 20] message received: Vehicle 4 message 3 at 347347383627
[Vehicle 20] received message from Vehicle 4, msg_id=3, latency=195μs (0.195ms)
Vehicle::receive() called!
[Vehicle 20] message received
[Vehicle 20] message received: Vehicle 26 message 4 at 347347384146
[Vehicle 20] received message from Vehicle 26, msg_id=4, latency=349μs (0.349ms)
Vehicle::receive() called!
[Vehicle 20] message received
[Vehicle 20] message received: Vehicle 28 message 4 at 347347389882
[Vehicle 20] received message from Vehicle 28, msg_id=4, latency=180μs (0.18ms)
Vehicle::receive() called!
[Vehicle 20] message received
[Vehicle 20] message received: Vehicle 8 message 3 at 347349382484
[Vehicle 20] received message from Vehicle 8, msg_id=3, latency=85μs (0.085ms)
Vehicle::receive() called!
[Vehicle 20] message received
[Vehicle 20] message received: Vehicle 18 message 4 at 347349387721
[Vehicle 20] received message from Vehicle 18, msg_id=4, latency=39μs (0.039ms)
Vehicle::receive() called!
[Vehicle 20] message received
[Vehicle 20] message received: Vehicle 2 message 4 at 347350383577
[Vehicle 20] received message from Vehicle 2, msg_id=4, latency=104μs (0.104ms)
Vehicle::receive() called!
[Vehicle 20] message received
[Vehicle 20] message received: Vehicle 24 message 4 at 347350384736
[Vehicle 20] received message from Vehicle 24, msg_id=4, latency=55μs (0.055ms)
Vehicle::receive() called!
[Vehicle 20] message received
[Vehicle 20] message received: Vehicle 6 message 4 at 347351382737
[Vehicle 20] received message from Vehicle 6, msg_id=4, latency=93μs (0.093ms)
Vehicle::receive() called!
[Vehicle 20] message received
[Vehicle 20] message received: Vehicle 14 message 4 at 347351387615
[Vehicle 20] received message from Vehicle 14, msg_id=4, latency=125μs (0.125ms)
Vehicle::receive() called!
[Vehicle 20] message received
[Vehicle 20] message received: Vehicle 22 message 4 at 347351387635
[Vehicle 20] received message from Vehicle 22, msg_id=4, latency=486μs (0.486ms)
Vehicle::receive() called!
[Vehicle 20] sending message 4: {Vehicle 20 message 4 at 347352387829}
Vehicle::send() called!
[Vehicle 20] message sent
[Vehicle 20] message 4 sent!
[Vehicle 20] message received
[Vehicle 20] message received: Vehicle 26 message 5 at 347353384341
[Vehicle 20] received message from Vehicle 26, msg_id=5, latency=198μs (0.198ms)
Vehicle::receive() called!
[Vehicle 20] message received
[Vehicle 20] message received: Vehicle 10 message 4 at 347354383009
[Vehicle 20] received message from Vehicle 10, msg_id=4, latency=180μs (0.18ms)
Vehicle::receive() called!
[Vehicle 20] message received
[Vehicle 20] message received: Vehicle 16 message 4 at 347354387589
[Vehicle 20] received message from Vehicle 16, msg_id=4, latency=167μs (0.167ms)
Vehicle::receive() called!
[Vehicle 20] message received
[Vehicle 20] message received: Vehicle 18 message 5 at 347354388005
[Vehicle 20] received message from Vehicle 18, msg_id=5, latency=666μs (0.666ms)
Vehicle::receive() called!
[Vehicle 20] message received
[Vehicle 20] message received: Vehicle 30 message 4 at 347354387998
[Vehicle 20] received message from Vehicle 30, msg_id=4, latency=930μs (0.93ms)
Vehicle::receive() called!
[Vehicle 20] message received
[Vehicle 20] message received: Vehicle 8 message 4 at 347355382694
[Vehicle 20] received message from Vehicle 8, msg_id=4, latency=84μs (0.084ms)
Vehicle::receive() called!
[Vehicle 20] message received
[Vehicle 20] message received: Vehicle 12 message 4 at 347355384700
[Vehicle 20] received message from Vehicle 12, msg_id=4, latency=198μs (0.198ms)
Vehicle::receive() called!
[Vehicle 20] message received
[Vehicle 20] message received: Vehicle 24 message 5 at 347355385145
[Vehicle 20] received message from Vehicle 24, msg_id=5, latency=120μs (0.12ms)
Vehicle::receive() called!
[Vehicle 20] message received
[Vehicle 20] message received: Vehicle 28 message 5 at 347355390007
[Vehicle 20] received message from Vehicle 28, msg_id=5, latency=179μs (0.179ms)
Vehicle::receive() called!
[Vehicle 20] message received
[Vehicle 20] message received: Vehicle 6 message 5 at 347357382977
[Vehicle 20] received message from Vehicle 6, msg_id=5, latency=234μs (0.234ms)
Vehicle::receive() called!
[Vehicle 20] message received
[Vehicle 20] message received: Vehicle 2 message 5 at 347357383728
[Vehicle 20] received message from Vehicle 2, msg_id=5, latency=48μs (0.048ms)
Vehicle::receive() called!
[Vehicle 20] message received
[Vehicle 20] message received: Vehicle 4 message 4 at 347357383800
[Vehicle 20] received message from Vehicle 4, msg_id=4, latency=258μs (0.258ms)
Vehicle::receive() called!
[Vehicle 20] message received
[Vehicle 20] message received: Vehicle 26 message 6 at 347358384570
[Vehicle 20] received message from Vehicle 26, msg_id=6, latency=93μs (0.093ms)
Vehicle::receive() called!
[Vehicle 20] message received
[Vehicle 20] message received: Vehicle 16 message 5 at 347359387720
[Vehicle 20] received message from Vehicle 16, msg_id=5, latency=81μs (0.081ms)
Vehicle::receive() called!
[Vehicle 20] message received
[Vehicle 20] message received: Vehicle 14 message 5 at 347359387781
[Vehicle 20] received message from Vehicle 14, msg_id=5, latency=372μs (0.372ms)
Vehicle::receive() called!
[Vehicle 20] message received
[Vehicle 20] message received: Vehicle 24 message 6 at 347360385720
[Vehicle 20] received message from Vehicle 24, msg_id=6, latency=521μs (0.521ms)
Vehicle::receive() called!
[Vehicle 20] message received
[Vehicle 20] message received: Vehicle 22 message 5 at 347360387750
[Vehicle 20] received message from Vehicle 22, msg_id=5, latency=452μs (0.452ms)
Vehicle::receive() called!
[Vehicle 20] message received
[Vehicle 20] message received: Vehicle 30 message 5 at 347360388205
[Vehicle 20] received message from Vehicle 30, msg_id=5, latency=247μs (0.247ms)
Vehicle::receive() called!
[Vehicle 20] message received
[Vehicle 20] message received: Vehicle 28 message 6 at 347360390148
[Vehicle 20] received message from Vehicle 28, msg_id=6, latency=194μs (0.194ms)
Vehicle::receive() called!
[Vehicle 20] sending message 5: {Vehicle 20 message 5 at 347361387996}
Vehicle::send() called!
[Vehicle 20] message sent
[Vehicle 20] message 5 sent!
[Vehicle 20] message received
[Vehicle 20] message received: Vehicle 6 message 6 at 347362383148
[Vehicle 20] received message from Vehicle 6, msg_id=6, latency=198μs (0.198ms)
Vehicle::receive() called!
[Vehicle 20] message received
[Vehicle 20] message received: Vehicle 10 message 5 at 347362383181
[Vehicle 20] received message from Vehicle 10, msg_id=5, latency=1395μs (1.395ms)
Vehicle::receive() called!
[Vehicle 20] message received
[Vehicle 20] message received: Vehicle 2 message 6 at 347362384080
[Vehicle 20] received message from Vehicle 2, msg_id=6, latency=759μs (0.759ms)
Vehicle::receive() called!
[Vehicle 20] message received
[Vehicle 20] message received: Vehicle 12 message 5 at 347363384993
[Vehicle 20] received message from Vehicle 12, msg_id=5, latency=186μs (0.186ms)
Vehicle::receive() called!
[Vehicle 20] message received
[Vehicle 20] message received: Vehicle 18 message 6 at 347364388886
[Vehicle 20] received message from Vehicle 18, msg_id=6, latency=150μs (0.15ms)
Vehicle::receive() called!
[Vehicle 20] message received
[Vehicle 20] message received: Vehicle 8 message 5 at 347365382850
[Vehicle 20] received message from Vehicle 8, msg_id=5, latency=133μs (0.133ms)
Vehicle::receive() called!
[Vehicle 20] message received
[Vehicle 20] message received: Vehicle 28 message 7 at 347365390309
[Vehicle 20] received message from Vehicle 28, msg_id=7, latency=60μs (0.06ms)
Vehicle::receive() called!
[Vehicle 20] message received
[Vehicle 20] message received: Vehicle 4 message 5 at 347366384023
[Vehicle 20] received message from Vehicle 4, msg_id=5, latency=230μs (0.23ms)
Vehicle::receive() called!
[Vehicle 20] message received
[Vehicle 20] message received: Vehicle 22 message 6 at 347366387912
[Vehicle 20] received message from Vehicle 22, msg_id=6, latency=171μs (0.171ms)
Vehicle::receive() called!
[Vehicle 20] sending message 6: {: {[Vehicle 20hicle 20 message 6 at 347366388411}
] ] message received
Vehicle::send() called!
[Vehicle 20] message received: Vehicle 30 message 6 at 347366388353
[Vehicle 20] message sent
[Vehicle 20] message 6 sent!
[Vehicle 20] received message from Vehicle 30, msg_id=6, latency=77μs (0.077ms)
Vehicle::receive() called!
[Vehicle 20] message received
[Vehicle 20] message received: Vehicle 2 message 7 at 347368384667
[Vehicle 20] received message from Vehicle 2, msg_id=7, latency=218μs (0.218ms)
Vehicle::receive() called!
[Vehicle 20] message received
[Vehicle 20] message received: Vehicle 26 message 7 at 347368384792
[Vehicle 20] received message from Vehicle 26, msg_id=7, latency=476μs (0.476ms)
Vehicle::receive() called!
[Vehicle 20] message received
[Vehicle 20] message received: Vehicle 14 message 6 at 347368387914
[Vehicle 20] received message from Vehicle 14, msg_id=6, latency=185μs (0.185ms)
Vehicle::receive() called!
[Vehicle 20] message received
[Vehicle 20] message received: Vehicle 6 message 7 at 347369383313
[Vehicle 20] received message from Vehicle 6, msg_id=7, latency=162μs (0.162ms)
Vehicle::receive() called!
[Vehicle 20] message received
[Vehicle 20] message received: Vehicle 16 message 6 at 347369387923
[Vehicle 20] received message from Vehicle 16, msg_id=6, latency=476μs (0.476ms)
Vehicle::receive() called!
[Vehicle 20] message received
[Vehicle 20] message received: Vehicle 12 message 6 at 347370385305
[Vehicle 20] received message from Vehicle 12, msg_id=6, latency=163μs (0.163ms)
Vehicle::receive() called!
[Vehicle 20] message received
[Vehicle 20] message received: Vehicle 24 message 7 at 347370385970
[Vehicle 20] received message from Vehicle 24, msg_id=7, latency=46μs (0.046ms)
Vehicle::receive() called!
[Vehicle 20] message received
[Vehicle 20] message received: Vehicle 18 message 7 at 347371389006
[Vehicle 20] received message from Vehicle 18, msg_id=7, latency=232μs (0.232ms)
Vehicle::receive() called!
[Vehicle 20] message received
[Vehicle 20] message received: Vehicle 10 message 6 at 347372383471
[Vehicle 20] received message from Vehicle 10, msg_id=6, latency=221μs (0.221ms)
Vehicle::receive() called!
[Vehicle 20] message received
[Vehicle 20] message received: Vehicle 8 message 6 at 347373383026
[Vehicle 20] received message from Vehicle 8, msg_id=6, latency=241μs (0.241ms)
Vehicle::receive() called!
[Vehicle 20] message received
[Vehicle 20] message received: Vehicle 4 message 6 at 347374384191
[Vehicle 20] received message from Vehicle 4, msg_id=6, latency=553μs (0.553ms)
Vehicle::receive() called!
[Vehicle 20] message received
[Vehicle 20] message received: Vehicle 30 message 7 at 347374388514
[Vehicle 20] received message from Vehicle 30, msg_id=7, latency=197μs (0.197ms)
Vehicle::receive() called!
[Vehicle 20] message received
[Vehicle 20] message received: Vehicle 28 message 8 at 347374390461
[Vehicle 20] received message from Vehicle 28, msg_id=8, latency=584μs (0.584ms)
Vehicle::receive() called!
[Vehicle 20] message received
[Vehicle 20] message received: Vehicle 6 message 8 at 347375383472
[Vehicle 20] received message from Vehicle 6, msg_id=8, latency=94μs (0.094ms)
Vehicle::receive() called!
[Vehicle 20] message received
[Vehicle 20] message received: Vehicle 12 message 7 at 347375385512
[Vehicle 20] received message from Vehicle 12, msg_id=7, latency=285μs (0.285ms)
Vehicle::receive() called!
[Vehicle 20] message received
[Vehicle 20] message received: Vehicle 22 message 7 at 347375388017
[Vehicle 20] received message from Vehicle 22, msg_id=7, latency=224μs (0.224ms)
Vehicle::receive() called!
[Vehicle 20] sending message 7: {Vehicle 20 message 7 at 347376388542}
Vehicle::send() called!
[Vehicle 20] message sent
[Vehicle 20] message 7 sent!
[Vehicle 20] message received
[Vehicle 20] message received: Vehicle 10 message 7 at 347377383729
[Vehicle 20] received message from Vehicle 10, msg_id=7, latency=172μs (0.172ms)
Vehicle::receive() called!
[Vehicle 20] message received
[Vehicle 20] message received: Vehicle 2 message 8 at 347378384821
[Vehicle 20] received message from Vehicle 2, msg_id=8, latency=759μs (0.759ms)
Vehicle::receive() called!
[Vehicle 20] message received
[Vehicle 20] message received: Vehicle 26 message 8 at 347378384967
[Vehicle 20] received message from Vehicle 26, msg_id=8, latency=884μs (0.884ms)
Vehicle::receive() called!
[Vehicle 20] message received
[Vehicle 20] message received: Vehicle 14 message 7 at 347378388063
[Vehicle 20] received message from Vehicle 14, msg_id=7, latency=39μs (0.039ms)
Vehicle::receive() called!
[Vehicle 20] message received
[Vehicle 20] message received: Vehicle 16 message 7 at 347378388095
[Vehicle 20] received message from Vehicle 16, msg_id=7, latency=378μs (0.378ms)
Vehicle::receive() called!
[Vehicle 20] lifetime ended. Stopping vehicle.
[Vehicle 20] closing connections to unblock receive calls
[Vehicle 20] receive() call interrupted by vehicle stop
[Vehicle 20] detected vehicle is no longer running, exiting receiver loop
[Vehicle 20] receiver component terminated.
[Vehicle 20] sender component stopping.
[Vehicle 20] sender component terminated.
[Vehicle 20] stopping receiver thread.
[Vehicle 20] v->stop() called.
[Vehicle 20] terminated cleanly.
Vehicle::~Vehicle() called!
[Vehicle 20] sender component stopping.
[Vehicle 20] stopping receiver thread.
