[Vehicle 6] creating sender component
[Vehicle 6] creating receiver component
[Vehicle 6] starting. Lifetime: 24s
[Vehicle 6] sleeping for lifetime: 24s
[SenderComponent 6] sending message 1: {Vehicle 6 message 1 at 23336874156}
[Vehicle 6] message sent
[SenderComponent 6] message 1 sent!
[Vehicle 6] message received
[ReceiverComponent 6] received message from Vehicle 2, msg_id = 1, latency = 66μs (0.066ms)
[Vehicle 6] message received
[ReceiverComponent 6] received message from Vehicle 12, msg_id = 1, latency = 399μs (0.399ms)
[Vehicle 6] message received
[ReceiverComponent 6] received message from Vehicle 14, msg_id = 1, latency = 104μs (0.104ms)
[Vehicle 6] message received
[ReceiverComponent 6] received message from Vehicle 30, msg_id = 1, latency = 427μs (0.427ms)
[Vehicle 6] message received
[ReceiverComponent 6] received message from Vehicle 24, msg_id = 1, latency = 727μs (0.727ms)
[Vehicle 6] message received
[ReceiverComponent 6] received message from Vehicle 26, msg_id = 1, latency = 968μs (0.968ms)
[Vehicle 6] message received
[ReceiverComponent 6] received message from Vehicle 22, msg_id = 1, latency = 1082μs (1.082ms)
[Vehicle 6] message received
[ReceiverComponent 6] received message from Vehicle 18, msg_id = 1, latency = 192μs (0.192ms)
[Vehicle 6] message received
[ReceiverComponent 6] received message from Vehicle 18, msg_id = 2, latency = 163μs (0.163ms)
[Vehicle 6] lifetime ended. Stopping vehicle.
[Vehicle 6] message not received
[ReceiverComponent 6] failed to receive message
[ReceiverComponent 6] terminated.
[Vehicle 6] terminated cleanly.
[SenderComponent 6] terminated.
