[Vehicle 5] creating receiver component
[Vehicle 5] starting. Lifetime: 15s
[Vehicle 5] sleeping for lifetime: 15s
[Vehicle 5] message received
[ReceiverComponent 5] received message from Vehicle 2, msg_id = 1, latency = 99μs (0.099ms)
[Vehicle 5] message received
[ReceiverComponent 5] received message from Vehicle 6, msg_id = 1, latency = 490μs (0.49ms)
[Vehicle 5] message received
[ReceiverComponent 5] received message from Vehicle 12, msg_id = 1, latency = 736μs (0.736ms)
[Vehicle 5] message received
[ReceiverComponent 5] received message from Vehicle 14, msg_id = 1, latency = 97μs (0.097ms)
[Vehicle 5] message received
[ReceiverComponent 5] received message from Vehicle 30, msg_id = 1, latency = 505μs (0.505ms)
[Vehicle 5] message received
[ReceiverComponent 5] received message from Vehicle 24, msg_id = 1, latency = 804μs (0.804ms)
[Vehicle 5] message received
[ReceiverComponent 5] received message from Vehicle 26, msg_id = 1, latency = 1037μs (1.037ms)
[Vehicle 5] message received
[ReceiverComponent 5] received message from Vehicle 22, msg_id = 1, latency = 1132μs (1.132ms)
[Vehicle 5] message received
[ReceiverComponent 5] received message from Vehicle 18, msg_id = 1, latency = 287μs (0.287ms)
[Vehicle 5] lifetime ended. Stopping vehicle.
[Vehicle 5] message not received
[ReceiverComponent 5] failed to receive message
[ReceiverComponent 5] terminated.
[Vehicle 5] terminated cleanly.
